{"/home/user/clippyme/dashboard/src/config.js": {"path":"/home/user/clippyme/dashboard/src/config.js","statementMap":{"0":{"start":{"line":8,"column":28},"end":{"line":8,"column":83}},"1":{"start":{"line":10,"column":22},"end":{"line":12,"column":1}},"2":{"start":{"line":17,"column":24},"end":{"line":26,"column":1}},"3":{"start":{"line":18,"column":20},"end":{"line":18,"column":29}},"4":{"start":{"line":19,"column":4},"end":{"line":24,"column":null}},"5":{"start":{"line":20,"column":8},"end":{"line":20,"column":null}},"6":{"start":{"line":21,"column":8},"end":{"line":23,"column":null}},"7":{"start":{"line":22,"column":12},"end":{"line":22,"column":null}},"8":{"start":{"line":22,"column":18},"end":{"line":22,"column":84}},"9":{"start":{"line":25,"column":4},"end":{"line":25,"column":null}},"10":{"start":{"line":28,"column":25},"end":{"line":47,"column":1}},"11":{"start":{"line":29,"column":4},"end":{"line":29,"column":null}},"12":{"start":{"line":29,"column":43},"end":{"line":29,"column":null}},"13":{"start":{"line":34,"column":4},"end":{"line":42,"column":null}},"14":{"start":{"line":35,"column":8},"end":{"line":41,"column":null}},"15":{"start":{"line":36,"column":22},"end":{"line":36,"column":35}},"16":{"start":{"line":37,"column":12},"end":{"line":37,"column":null}},"17":{"start":{"line":37,"column":49},"end":{"line":37,"column":null}},"18":{"start":{"line":38,"column":12},"end":{"line":38,"column":null}},"19":{"start":{"line":40,"column":12},"end":{"line":40,"column":null}},"20":{"start":{"line":45,"column":27},"end":{"line":45,"column":67}},"21":{"start":{"line":46,"column":4},"end":{"line":46,"column":null}}},"fnMap":{"0":{"name":"(anonymous_0)","decl":{"start":{"line":17,"column":24},"end":{"line":17,"column":25}},"loc":{"start":{"line":17,"column":30},"end":{"line":26,"column":1}},"line":17},"1":{"name":"(anonymous_1)","decl":{"start":{"line":28,"column":25},"end":{"line":28,"column":26}},"loc":{"start":{"line":28,"column":35},"end":{"line":47,"column":1}},"line":28}},"branchMap":{"0":{"loc":{"start":{"line":8,"column":28},"end":{"line":8,"column":83}},"type":"binary-expr","locations":[{"start":{"line":8,"column":29},"end":{"line":8,"column":44}},{"start":{"line":8,"column":48},"end":{"line":8,"column":76}},{"start":{"line":8,"column":81},"end":{"line":8,"column":83}}],"line":8},"1":{"loc":{"start":{"line":19,"column":4},"end":{"line":24,"column":null}},"type":"if","locations":[{"start":{"line":19,"column":4},"end":{"line":24,"column":null}},{"start":{},"end":{}}],"line":19},"2":{"loc":{"start":{"line":19,"column":8},"end":{"line":19,"column":56}},"type":"binary-expr","locations":[{"start":{"line":19,"column":8},"end":{"line":19,"column":37}},{"start":{"line":19,"column":41},"end":{"line":19,"column":56}}],"line":19},"3":{"loc":{"start":{"line":21,"column":8},"end":{"line":23,"column":null}},"type":"if","locations":[{"start":{"line":21,"column":8},"end":{"line":23,"column":null}},{"start":{},"end":{}}],"line":21},"4":{"loc":{"start":{"line":29,"column":4},"end":{"line":29,"column":null}},"type":"if","locations":[{"start":{"line":29,"column":4},"end":{"line":29,"column":null}},{"start":{},"end":{}}],"line":29},"5":{"loc":{"start":{"line":29,"column":8},"end":{"line":29,"column":41}},"type":"binary-expr","locations":[{"start":{"line":29,"column":8},"end":{"line":29,"column":32}},{"start":{"line":29,"column":36},"end":{"line":29,"column":41}}],"line":29},"6":{"loc":{"start":{"line":34,"column":4},"end":{"line":42,"column":null}},"type":"if","locations":[{"start":{"line":34,"column":4},"end":{"line":42,"column":null}},{"start":{},"end":{}}],"line":34},"7":{"loc":{"start":{"line":37,"column":12},"end":{"line":37,"column":null}},"type":"if","locations":[{"start":{"line":37,"column":12},"end":{"line":37,"column":null}},{"start":{},"end":{}}],"line":37},"8":{"loc":{"start":{"line":45,"column":27},"end":{"line":45,"column":67}},"type":"cond-expr","locations":[{"start":{"line":45,"column":50},"end":{"line":45,"column":54}},{"start":{"line":45,"column":57},"end":{"line":45,"column":67}}],"line":45}},"s":{"0":2,"1":2,"2":2,"3":0,"4":0,"5":0,"6":0,"7":0,"8":0,"9":0,"10":2,"11":22,"12":0,"13":22,"14":0,"15":0,"16":0,"17":0,"18":0,"19":0,"20":22,"21":22},"f":{"0":0,"1":22},"b":{"0":[2,2,2],"1":[0,0],"2":[0,0],"3":[0,0],"4":[0,22],"5":[22,22],"6":[0,22],"7":[0,0],"8":[20,2]},"meta":{"lastBranch":9,"lastFunction":2,"lastStatement":22,"seen":{"s:8:28:8:83":0,"b:8:29:8:44:8:48:8:76:8:81:8:83":0,"s:10:22:12:1":1,"s:17:24:26:1":2,"f:17:24:17:25":0,"s:18:20:18:29":3,"b:19:4:24:Infinity:undefined:undefined:undefined:undefined":1,"s:19:4:24:Infinity":4,"b:19:8:19:37:19:41:19:56":2,"s:20:8:20:Infinity":5,"b:21:8:23:Infinity:undefined:undefined:undefined:undefined":3,"s:21:8:23:Infinity":6,"s:22:12:22:Infinity":7,"s:22:18:22:84":8,"s:25:4:25:Infinity":9,"s:28:25:47:1":10,"f:28:25:28:26":1,"b:29:4:29:Infinity:undefined:undefined:undefined:undefined":4,"s:29:4:29:Infinity":11,"b:29:8:29:32:29:36:29:41":5,"s:29:43:29:Infinity":12,"b:34:4:42:Infinity:undefined:undefined:undefined:undefined":6,"s:34:4:42:Infinity":13,"s:35:8:41:Infinity":14,"s:36:22:36:35":15,"b:37:12:37:Infinity:undefined:undefined:undefined:undefined":7,"s:37:12:37:Infinity":16,"s:37:49:37:Infinity":17,"s:38:12:38:Infinity":18,"s:40:12:40:Infinity":19,"s:45:27:45:67":20,"b:45:50:45:54:45:57:45:67":8,"s:46:4:46:Infinity":21},"fnNames":{}}}
,"/home/user/clippyme/dashboard/src/hooks/useClipStates.js": {"path":"/home/user/clippyme/dashboard/src/hooks/useClipStates.js","statementMap":{"0":{"start":{"line":20,"column":32},"end":{"line":20,"column":44}},"1":{"start":{"line":22,"column":4},"end":{"line":41,"column":null}},"2":{"start":{"line":23,"column":8},"end":{"line":26,"column":null}},"3":{"start":{"line":24,"column":12},"end":{"line":24,"column":null}},"4":{"start":{"line":25,"column":12},"end":{"line":25,"column":null}},"5":{"start":{"line":27,"column":8},"end":{"line":40,"column":null}},"6":{"start":{"line":28,"column":24},"end":{"line":28,"column":77}},"7":{"start":{"line":29,"column":27},"end":{"line":29,"column":53}},"8":{"start":{"line":34,"column":12},"end":{"line":36,"column":null}},"9":{"start":{"line":35,"column":16},"end":{"line":35,"column":null}},"10":{"start":{"line":35,"column":55},"end":{"line":35,"column":null}},"11":{"start":{"line":37,"column":12},"end":{"line":37,"column":null}},"12":{"start":{"line":39,"column":12},"end":{"line":39,"column":null}},"13":{"start":{"line":43,"column":20},"end":{"line":55,"column":5}},"14":{"start":{"line":45,"column":12},"end":{"line":45,"column":null}},"15":{"start":{"line":46,"column":12},"end":{"line":52,"column":null}},"16":{"start":{"line":47,"column":16},"end":{"line":51,"column":null}},"17":{"start":{"line":48,"column":20},"end":{"line":48,"column":null}},"18":{"start":{"line":57,"column":23},"end":{"line":73,"column":5}},"19":{"start":{"line":59,"column":12},"end":{"line":70,"column":null}},"20":{"start":{"line":60,"column":32},"end":{"line":60,"column":49}},"21":{"start":{"line":61,"column":29},"end":{"line":61,"column":75}},"22":{"start":{"line":62,"column":16},"end":{"line":68,"column":null}},"23":{"start":{"line":63,"column":20},"end":{"line":67,"column":null}},"24":{"start":{"line":64,"column":24},"end":{"line":64,"column":null}},"25":{"start":{"line":69,"column":16},"end":{"line":69,"column":null}},"26":{"start":{"line":75,"column":25},"end":{"line":78,"column":5}},"27":{"start":{"line":76,"column":19},"end":{"line":76,"column":38}},"28":{"start":{"line":80,"column":18},"end":{"line":80,"column":59}},"29":{"start":{"line":80,"column":36},"end":{"line":80,"column":47}},"30":{"start":{"line":82,"column":4},"end":{"line":82,"column":null}}},"fnMap":{"0":{"name":"useClipStates","decl":{"start":{"line":19,"column":16},"end":{"line":19,"column":29}},"loc":{"start":{"line":19,"column":37},"end":{"line":83,"column":null}},"line":19},"1":{"name":"(anonymous_1)","decl":{"start":{"line":22,"column":14},"end":{"line":22,"column":15}},"loc":{"start":{"line":22,"column":20},"end":{"line":41,"column":5}},"line":22},"2":{"name":"(anonymous_2)","decl":{"start":{"line":44,"column":8},"end":{"line":44,"column":9}},"loc":{"start":{"line":44,"column":18},"end":{"line":53,"column":9}},"line":44},"3":{"name":"(anonymous_3)","decl":{"start":{"line":58,"column":8},"end":{"line":58,"column":9}},"loc":{"start":{"line":58,"column":26},"end":{"line":71,"column":9}},"line":58},"4":{"name":"(anonymous_4)","decl":{"start":{"line":59,"column":22},"end":{"line":59,"column":23}},"loc":{"start":{"line":59,"column":32},"end":{"line":70,"column":13}},"line":59},"5":{"name":"(anonymous_5)","decl":{"start":{"line":76,"column":8},"end":{"line":76,"column":9}},"loc":{"start":{"line":76,"column":19},"end":{"line":76,"column":38}},"line":76},"6":{"name":"(anonymous_6)","decl":{"start":{"line":80,"column":30},"end":{"line":80,"column":31}},"loc":{"start":{"line":80,"column":36},"end":{"line":80,"column":47}},"line":80}},"branchMap":{"0":{"loc":{"start":{"line":23,"column":8},"end":{"line":26,"column":null}},"type":"if","locations":[{"start":{"line":23,"column":8},"end":{"line":26,"column":null}},{"start":{},"end":{}}],"line":23},"1":{"loc":{"start":{"line":29,"column":27},"end":{"line":29,"column":53}},"type":"cond-expr","locations":[{"start":{"line":29,"column":33},"end":{"line":29,"column":48}},{"start":{"line":29,"column":51},"end":{"line":29,"column":53}}],"line":29},"2":{"loc":{"start":{"line":35,"column":16},"end":{"line":35,"column":null}},"type":"if","locations":[{"start":{"line":35,"column":16},"end":{"line":35,"column":null}},{"start":{},"end":{}}],"line":35},"3":{"loc":{"start":{"line":35,"column":20},"end":{"line":35,"column":53}},"type":"binary-expr","locations":[{"start":{"line":35,"column":20},"end":{"line":35,"column":29}},{"start":{"line":35,"column":33},"end":{"line":35,"column":53}}],"line":35},"4":{"loc":{"start":{"line":46,"column":12},"end":{"line":52,"column":null}},"type":"if","locations":[{"start":{"line":46,"column":12},"end":{"line":52,"column":null}},{"start":{},"end":{}}],"line":46},"5":{"loc":{"start":{"line":60,"column":32},"end":{"line":60,"column":49}},"type":"binary-expr","locations":[{"start":{"line":60,"column":32},"end":{"line":60,"column":43}},{"start":{"line":60,"column":47},"end":{"line":60,"column":49}}],"line":60},"6":{"loc":{"start":{"line":62,"column":16},"end":{"line":68,"column":null}},"type":"if","locations":[{"start":{"line":62,"column":16},"end":{"line":68,"column":null}},{"start":{},"end":{}}],"line":62},"7":{"loc":{"start":{"line":76,"column":19},"end":{"line":76,"column":38}},"type":"binary-expr","locations":[{"start":{"line":76,"column":19},"end":{"line":76,"column":32}},{"start":{"line":76,"column":36},"end":{"line":76,"column":38}}],"line":76}},"s":{"0":10,"1":10,"2":4,"3":1,"4":1,"5":3,"6":3,"7":3,"8":4,"9":2,"10":1,"11":2,"12":1,"13":10,"14":0,"15":0,"16":0,"17":0,"18":10,"19":2,"20":2,"21":2,"22":2,"23":2,"24":2,"25":2,"26":10,"27":5,"28":10,"29":0,"30":10},"f":{"0":10,"1":4,"2":0,"3":2,"4":2,"5":5,"6":0},"b":{"0":[1,3],"1":[2,1],"2":[1,1],"3":[2,2],"4":[0,0],"5":[2,1],"6":[2,0],"7":[5,1]},"meta":{"lastBranch":8,"lastFunction":7,"lastStatement":31,"seen":{"f:19:16:19:29":0,"s:20:32:20:44":0,"s:22:4:41:Infinity":1,"f:22:14:22:15":1,"b:23:8:26:Infinity:undefined:undefined:undefined:undefined":0,"s:23:8:26:Infinity":2,"s:24:12:24:Infinity":3,"s:25:12:25:Infinity":4,"s:27:8:40:Infinity":5,"s:28:24:28:77":6,"s:29:27:29:53":7,"b:29:33:29:48:29:51:29:53":1,"s:34:12:36:Infinity":8,"b:35:16:35:Infinity:undefined:undefined:undefined:undefined":2,"s:35:16:35:Infinity":9,"b:35:20:35:29:35:33:35:53":3,"s:35:55:35:Infinity":10,"s:37:12:37:Infinity":11,"s:39:12:39:Infinity":12,"s:43:20:55:5":13,"f:44:8:44:9":2,"s:45:12:45:Infinity":14,"b:46:12:52:Infinity:undefined:undefined:undefined:undefined":4,"s:46:12:52:Infinity":15,"s:47:16:51:Infinity":16,"s:48:20:48:Infinity":17,"s:57:23:73:5":18,"f:58:8:58:9":3,"s:59:12:70:Infinity":19,"f:59:22:59:23":4,"s:60:32:60:49":20,"b:60:32:60:43:60:47:60:49":5,"s:61:29:61:75":21,"b:62:16:68:Infinity:undefined:undefined:undefined:undefined":6,"s:62:16:68:Infinity":22,"s:63:20:67:Infinity":23,"s:64:24:64:Infinity":24,"s:69:16:69:Infinity":25,"s:75:25:78:5":26,"f:76:8:76:9":5,"s:76:19:76:38":27,"b:76:19:76:32:76:36:76:38":7,"s:80:18:80:59":28,"f:80:30:80:31":6,"s:80:36:80:47":29,"s:82:4:82:Infinity":30},"fnNames":{}}}
,"/home/user/clippyme/dashboard/src/hooks/useFontList.js": {"path":"/home/user/clippyme/dashboard/src/hooks/useFontList.js","statementMap":{"0":{"start":{"line":10,"column":28},"end":{"line":10,"column":47}},"1":{"start":{"line":11,"column":2},"end":{"line":24,"column":null}},"2":{"start":{"line":12,"column":16},"end":{"line":12,"column":20}},"3":{"start":{"line":13,"column":4},"end":{"line":22,"column":null}},"4":{"start":{"line":15,"column":8},"end":{"line":15,"column":null}},"5":{"start":{"line":15,"column":44},"end":{"line":15,"column":null}},"6":{"start":{"line":16,"column":22},"end":{"line":16,"column":56}},"7":{"start":{"line":16,"column":53},"end":{"line":16,"column":54}},"8":{"start":{"line":17,"column":22},"end":{"line":19,"column":48}},"9":{"start":{"line":18,"column":25},"end":{"line":18,"column":43}},"10":{"start":{"line":19,"column":22},"end":{"line":19,"column":47}},"11":{"start":{"line":20,"column":8},"end":{"line":20,"column":null}},"12":{"start":{"line":20,"column":26},"end":{"line":20,"column":null}},"13":{"start":{"line":23,"column":4},"end":{"line":23,"column":null}},"14":{"start":{"line":23,"column":19},"end":{"line":23,"column":33}},"15":{"start":{"line":25,"column":2},"end":{"line":25,"column":null}}},"fnMap":{"0":{"name":"useFontList","decl":{"start":{"line":9,"column":16},"end":{"line":9,"column":27}},"loc":{"start":{"line":9,"column":30},"end":{"line":26,"column":null}},"line":9},"1":{"name":"(anonymous_1)","decl":{"start":{"line":11,"column":12},"end":{"line":11,"column":13}},"loc":{"start":{"line":11,"column":18},"end":{"line":24,"column":3}},"line":11},"2":{"name":"(anonymous_2)","decl":{"start":{"line":14,"column":12},"end":{"line":14,"column":13}},"loc":{"start":{"line":14,"column":33},"end":{"line":21,"column":7}},"line":14},"3":{"name":"(anonymous_3)","decl":{"start":{"line":16,"column":44},"end":{"line":16,"column":45}},"loc":{"start":{"line":16,"column":53},"end":{"line":16,"column":54}},"line":16},"4":{"name":"(anonymous_4)","decl":{"start":{"line":18,"column":18},"end":{"line":18,"column":19}},"loc":{"start":{"line":18,"column":25},"end":{"line":18,"column":43}},"line":18},"5":{"name":"(anonymous_5)","decl":{"start":{"line":19,"column":15},"end":{"line":19,"column":16}},"loc":{"start":{"line":19,"column":22},"end":{"line":19,"column":47}},"line":19},"6":{"name":"(anonymous_6)","decl":{"start":{"line":22,"column":13},"end":{"line":22,"column":14}},"loc":{"start":{"line":22,"column":19},"end":{"line":22,"column":21}},"line":22},"7":{"name":"(anonymous_7)","decl":{"start":{"line":23,"column":11},"end":{"line":23,"column":12}},"loc":{"start":{"line":23,"column":17},"end":{"line":23,"column":35}},"line":23}},"branchMap":{"0":{"loc":{"start":{"line":15,"column":8},"end":{"line":15,"column":null}},"type":"if","locations":[{"start":{"line":15,"column":8},"end":{"line":15,"column":null}},{"start":{},"end":{}}],"line":15},"1":{"loc":{"start":{"line":15,"column":12},"end":{"line":15,"column":42}},"type":"binary-expr","locations":[{"start":{"line":15,"column":12},"end":{"line":15,"column":18}},{"start":{"line":15,"column":22},"end":{"line":15,"column":42}}],"line":15},"2":{"loc":{"start":{"line":18,"column":25},"end":{"line":18,"column":43}},"type":"binary-expr","locations":[{"start":{"line":18,"column":25},"end":{"line":18,"column":26}},{"start":{"line":18,"column":30},"end":{"line":18,"column":43}}],"line":18},"3":{"loc":{"start":{"line":20,"column":8},"end":{"line":20,"column":null}},"type":"if","locations":[{"start":{"line":20,"column":8},"end":{"line":20,"column":null}},{"start":{},"end":{}}],"line":20}},"s":{"0":17,"1":17,"2":14,"3":14,"4":14,"5":0,"6":14,"7":84,"8":14,"9":0,"10":0,"11":14,"12":0,"13":14,"14":14,"15":17},"f":{"0":17,"1":14,"2":14,"3":84,"4":0,"5":0,"6":0,"7":14},"b":{"0":[0,14],"1":[14,14],"2":[0,0],"3":[0,14]},"meta":{"lastBranch":4,"lastFunction":8,"lastStatement":16,"seen":{"f:9:16:9:27":0,"s:10:28:10:47":0,"s:11:2:24:Infinity":1,"f:11:12:11:13":1,"s:12:16:12:20":2,"s:13:4:22:Infinity":3,"f:14:12:14:13":2,"b:15:8:15:Infinity:undefined:undefined:undefined:undefined":0,"s:15:8:15:Infinity":4,"b:15:12:15:18:15:22:15:42":1,"s:15:44:15:Infinity":5,"s:16:22:16:56":6,"f:16:44:16:45":3,"s:16:53:16:54":7,"s:17:22:19:48":8,"f:18:18:18:19":4,"s:18:25:18:43":9,"b:18:25:18:26:18:30:18:43":2,"f:19:15:19:16":5,"s:19:22:19:47":10,"b:20:8:20:Infinity:undefined:undefined:undefined:undefined":3,"s:20:8:20:Infinity":11,"s:20:26:20:Infinity":12,"f:22:13:22:14":6,"s:23:4:23:Infinity":13,"f:23:11:23:12":7,"s:23:19:23:33":14,"s:25:2:25:Infinity":15},"fnNames":{}}}
,"/home/user/clippyme/dashboard/src/hooks/useJobSubmission.js": {"path":"/home/user/clippyme/dashboard/src/hooks/useJobSubmission.js","statementMap":{"0":{"start":{"line":10,"column":15},"end":{"line":10,"column":39}},"1":{"start":{"line":11,"column":2},"end":{"line":11,"column":null}},"2":{"start":{"line":11,"column":13},"end":{"line":11,"column":null}},"3":{"start":{"line":12,"column":15},"end":{"line":12,"column":47}},"4":{"start":{"line":13,"column":2},"end":{"line":13,"column":null}},"5":{"start":{"line":37,"column":18},"end":{"line":37,"column":30}},"6":{"start":{"line":38,"column":2},"end":{"line":43,"column":null}},"7":{"start":{"line":39,"column":10},"end":{"line":41,"column":5}},"8":{"start":{"line":40,"column":6},"end":{"line":40,"column":null}},"9":{"start":{"line":40,"column":27},"end":{"line":40,"column":null}},"10":{"start":{"line":45,"column":24},"end":{"line":63,"column":3}},"11":{"start":{"line":46,"column":4},"end":{"line":49,"column":null}},"12":{"start":{"line":47,"column":6},"end":{"line":47,"column":null}},"13":{"start":{"line":48,"column":6},"end":{"line":48,"column":null}},"14":{"start":{"line":50,"column":4},"end":{"line":50,"column":null}},"15":{"start":{"line":51,"column":4},"end":{"line":51,"column":null}},"16":{"start":{"line":52,"column":4},"end":{"line":52,"column":null}},"17":{"start":{"line":53,"column":4},"end":{"line":53,"column":null}},"18":{"start":{"line":54,"column":4},"end":{"line":54,"column":null}},"19":{"start":{"line":54,"column":28},"end":{"line":54,"column":null}},"20":{"start":{"line":56,"column":4},"end":{"line":62,"column":null}},"21":{"start":{"line":57,"column":22},"end":{"line":57,"column":69}},"22":{"start":{"line":58,"column":6},"end":{"line":58,"column":null}},"23":{"start":{"line":60,"column":6},"end":{"line":60,"column":null}},"24":{"start":{"line":61,"column":6},"end":{"line":61,"column":null}},"25":{"start":{"line":61,"column":21},"end":{"line":61,"column":50}},"26":{"start":{"line":65,"column":29},"end":{"line":254,"column":3}},"27":{"start":{"line":66,"column":4},"end":{"line":69,"column":null}},"28":{"start":{"line":67,"column":6},"end":{"line":67,"column":null}},"29":{"start":{"line":68,"column":6},"end":{"line":68,"column":null}},"30":{"start":{"line":70,"column":4},"end":{"line":70,"column":null}},"31":{"start":{"line":71,"column":4},"end":{"line":71,"column":null}},"32":{"start":{"line":72,"column":4},"end":{"line":72,"column":null}},"33":{"start":{"line":73,"column":4},"end":{"line":73,"column":null}},"34":{"start":{"line":73,"column":28},"end":{"line":73,"column":null}},"35":{"start":{"line":75,"column":17},"end":{"line":75,"column":32}},"36":{"start":{"line":76,"column":18},"end":{"line":76,"column":34}},"37":{"start":{"line":78,"column":4},"end":{"line":253,"column":null}},"38":{"start":{"line":79,"column":24},"end":{"line":79,"column":26}},"39":{"start":{"line":82,"column":6},"end":{"line":86,"column":null}},"40":{"start":{"line":83,"column":25},"end":{"line":83,"column":83}},"41":{"start":{"line":84,"column":8},"end":{"line":84,"column":null}},"42":{"start":{"line":84,"column":51},"end":{"line":84,"column":59}},"43":{"start":{"line":85,"column":8},"end":{"line":85,"column":null}},"44":{"start":{"line":85,"column":23},"end":{"line":85,"column":71}},"45":{"start":{"line":89,"column":6},"end":{"line":105,"column":null}},"46":{"start":{"line":90,"column":8},"end":{"line":104,"column":null}},"47":{"start":{"line":91,"column":26},"end":{"line":99,"column":11}},"48":{"start":{"line":100,"column":10},"end":{"line":100,"column":null}},"49":{"start":{"line":101,"column":10},"end":{"line":101,"column":null}},"50":{"start":{"line":101,"column":25},"end":{"line":101,"column":60}},"51":{"start":{"line":103,"column":10},"end":{"line":103,"column":null}},"52":{"start":{"line":103,"column":25},"end":{"line":103,"column":75}},"53":{"start":{"line":107,"column":6},"end":{"line":111,"column":null}},"54":{"start":{"line":108,"column":8},"end":{"line":108,"column":null}},"55":{"start":{"line":109,"column":8},"end":{"line":109,"column":null}},"56":{"start":{"line":109,"column":23},"end":{"line":109,"column":56}},"57":{"start":{"line":110,"column":8},"end":{"line":110,"column":null}},"58":{"start":{"line":118,"column":6},"end":{"line":131,"column":null}},"59":{"start":{"line":119,"column":8},"end":{"line":128,"column":null}},"60":{"start":{"line":136,"column":20},"end":{"line":136,"column":36}},"61":{"start":{"line":137,"column":23},"end":{"line":137,"column":32}},"62":{"start":{"line":138,"column":23},"end":{"line":138,"column":32}},"63":{"start":{"line":139,"column":22},"end":{"line":139,"column":23}},"64":{"start":{"line":140,"column":19},"end":{"line":140,"column":20}},"65":{"start":{"line":143,"column":21},"end":{"line":143,"column":30}},"66":{"start":{"line":144,"column":6},"end":{"line":144,"column":null}},"67":{"start":{"line":144,"column":36},"end":{"line":144,"column":69}},"68":{"start":{"line":146,"column":19},"end":{"line":146,"column":20}},"69":{"start":{"line":155,"column":22},"end":{"line":155,"column":26}},"70":{"start":{"line":156,"column":30},"end":{"line":156,"column":31}},"71":{"start":{"line":157,"column":30},"end":{"line":157,"column":31}},"72":{"start":{"line":161,"column":6},"end":{"line":161,"column":null}},"73":{"start":{"line":161,"column":27},"end":{"line":161,"column":null}},"74":{"start":{"line":163,"column":19},"end":{"line":248,"column":7}},"75":{"start":{"line":164,"column":30},"end":{"line":164,"column":35}},"76":{"start":{"line":165,"column":8},"end":{"line":186,"column":null}},"77":{"start":{"line":166,"column":10},"end":{"line":166,"column":42}},"78":{"start":{"line":166,"column":33},"end":{"line":166,"column":42}},"79":{"start":{"line":167,"column":10},"end":{"line":185,"column":null}},"80":{"start":{"line":168,"column":22},"end":{"line":168,"column":69}},"81":{"start":{"line":169,"column":12},"end":{"line":169,"column":null}},"82":{"start":{"line":169,"column":23},"end":{"line":169,"column":null}},"83":{"start":{"line":170,"column":12},"end":{"line":170,"column":null}},"84":{"start":{"line":171,"column":22},"end":{"line":171,"column":36}},"85":{"start":{"line":172,"column":12},"end":{"line":172,"column":null}},"86":{"start":{"line":172,"column":39},"end":{"line":172,"column":null}},"87":{"start":{"line":176,"column":12},"end":{"line":182,"column":null}},"88":{"start":{"line":177,"column":14},"end":{"line":177,"column":null}},"89":{"start":{"line":178,"column":14},"end":{"line":178,"column":null}},"90":{"start":{"line":179,"column":19},"end":{"line":182,"column":null}},"91":{"start":{"line":180,"column":14},"end":{"line":180,"column":null}},"92":{"start":{"line":181,"column":14},"end":{"line":181,"column":null}},"93":{"start":{"line":189,"column":23},"end":{"line":189,"column":112}},"94":{"start":{"line":190,"column":23},"end":{"line":190,"column":35}},"95":{"start":{"line":191,"column":8},"end":{"line":205,"column":null}},"96":{"start":{"line":192,"column":24},"end":{"line":192,"column":39}},"97":{"start":{"line":193,"column":24},"end":{"line":193,"column":47}},"98":{"start":{"line":194,"column":23},"end":{"line":194,"column":40}},"99":{"start":{"line":195,"column":22},"end":{"line":195,"column":38}},"100":{"start":{"line":196,"column":10},"end":{"line":196,"column":null}},"101":{"start":{"line":197,"column":10},"end":{"line":203,"column":null}},"102":{"start":{"line":198,"column":12},"end":{"line":198,"column":null}},"103":{"start":{"line":200,"column":12},"end":{"line":202,"column":null}},"104":{"start":{"line":201,"column":14},"end":{"line":201,"column":null}},"105":{"start":{"line":204,"column":10},"end":{"line":204,"column":null}},"106":{"start":{"line":206,"column":8},"end":{"line":206,"column":null}},"107":{"start":{"line":208,"column":8},"end":{"line":232,"column":null}},"108":{"start":{"line":209,"column":10},"end":{"line":209,"column":null}},"109":{"start":{"line":210,"column":10},"end":{"line":210,"column":null}},"110":{"start":{"line":211,"column":10},"end":{"line":214,"column":null}},"111":{"start":{"line":211,"column":25},"end":{"line":214,"column":11}},"112":{"start":{"line":219,"column":10},"end":{"line":230,"column":null}},"113":{"start":{"line":220,"column":12},"end":{"line":229,"column":null}},"114":{"start":{"line":221,"column":14},"end":{"line":226,"column":null}},"115":{"start":{"line":228,"column":14},"end":{"line":228,"column":null}},"116":{"start":{"line":231,"column":10},"end":{"line":231,"column":null}},"117":{"start":{"line":234,"column":8},"end":{"line":234,"column":null}},"118":{"start":{"line":235,"column":8},"end":{"line":243,"column":null}},"119":{"start":{"line":236,"column":10},"end":{"line":236,"column":null}},"120":{"start":{"line":237,"column":10},"end":{"line":237,"column":null}},"121":{"start":{"line":238,"column":10},"end":{"line":241,"column":null}},"122":{"start":{"line":238,"column":25},"end":{"line":241,"column":11}},"123":{"start":{"line":242,"column":10},"end":{"line":242,"column":null}},"124":{"start":{"line":244,"column":22},"end":{"line":246,"column":19}},"125":{"start":{"line":247,"column":8},"end":{"line":247,"column":null}},"126":{"start":{"line":249,"column":6},"end":{"line":249,"column":null}},"127":{"start":{"line":251,"column":6},"end":{"line":251,"column":null}},"128":{"start":{"line":252,"column":6},"end":{"line":252,"column":null}},"129":{"start":{"line":252,"column":21},"end":{"line":252,"column":56}},"130":{"start":{"line":256,"column":2},"end":{"line":256,"column":null}}},"fnMap":{"0":{"name":"withTaste","decl":{"start":{"line":9,"column":9},"end":{"line":9,"column":18}},"loc":{"start":{"line":9,"column":25},"end":{"line":14,"column":null}},"line":9},"1":{"name":"useJobSubmission","decl":{"start":{"line":20,"column":16},"end":{"line":20,"column":32}},"loc":{"start":{"line":33,"column":3},"end":{"line":257,"column":null}},"line":33},"2":{"name":"(anonymous_2)","decl":{"start":{"line":39,"column":4},"end":{"line":39,"column":5}},"loc":{"start":{"line":39,"column":10},"end":{"line":41,"column":5}},"line":39},"3":{"name":"(anonymous_3)","decl":{"start":{"line":39,"column":10},"end":{"line":39,"column":11}},"loc":{"start":{"line":39,"column":16},"end":{"line":41,"column":5}},"line":39},"4":{"name":"(anonymous_4)","decl":{"start":{"line":45,"column":24},"end":{"line":45,"column":29}},"loc":{"start":{"line":45,"column":40},"end":{"line":63,"column":3}},"line":45},"5":{"name":"(anonymous_5)","decl":{"start":{"line":61,"column":14},"end":{"line":61,"column":15}},"loc":{"start":{"line":61,"column":21},"end":{"line":61,"column":50}},"line":61},"6":{"name":"(anonymous_6)","decl":{"start":{"line":65,"column":29},"end":{"line":65,"column":34}},"loc":{"start":{"line":65,"column":45},"end":{"line":254,"column":3}},"line":65},"7":{"name":"(anonymous_7)","decl":{"start":{"line":84,"column":44},"end":{"line":84,"column":45}},"loc":{"start":{"line":84,"column":51},"end":{"line":84,"column":59}},"line":84},"8":{"name":"(anonymous_8)","decl":{"start":{"line":85,"column":16},"end":{"line":85,"column":17}},"loc":{"start":{"line":85,"column":23},"end":{"line":85,"column":71}},"line":85},"9":{"name":"(anonymous_9)","decl":{"start":{"line":101,"column":18},"end":{"line":101,"column":19}},"loc":{"start":{"line":101,"column":25},"end":{"line":101,"column":60}},"line":101},"10":{"name":"(anonymous_10)","decl":{"start":{"line":103,"column":18},"end":{"line":103,"column":19}},"loc":{"start":{"line":103,"column":25},"end":{"line":103,"column":75}},"line":103},"11":{"name":"(anonymous_11)","decl":{"start":{"line":109,"column":16},"end":{"line":109,"column":17}},"loc":{"start":{"line":109,"column":23},"end":{"line":109,"column":56}},"line":109},"12":{"name":"(anonymous_12)","decl":{"start":{"line":144,"column":24},"end":{"line":144,"column":25}},"loc":{"start":{"line":144,"column":36},"end":{"line":144,"column":69}},"line":144},"13":{"name":"(anonymous_13)","decl":{"start":{"line":163,"column":19},"end":{"line":163,"column":24}},"loc":{"start":{"line":163,"column":31},"end":{"line":248,"column":7}},"line":163},"14":{"name":"(anonymous_14)","decl":{"start":{"line":211,"column":18},"end":{"line":211,"column":19}},"loc":{"start":{"line":211,"column":25},"end":{"line":214,"column":11}},"line":211},"15":{"name":"(anonymous_15)","decl":{"start":{"line":238,"column":18},"end":{"line":238,"column":19}},"loc":{"start":{"line":238,"column":25},"end":{"line":241,"column":11}},"line":238},"16":{"name":"(anonymous_16)","decl":{"start":{"line":252,"column":14},"end":{"line":252,"column":15}},"loc":{"start":{"line":252,"column":21},"end":{"line":252,"column":56}},"line":252}},"branchMap":{"0":{"loc":{"start":{"line":11,"column":2},"end":{"line":11,"column":null}},"type":"if","locations":[{"start":{"line":11,"column":2},"end":{"line":11,"column":null}},{"start":{},"end":{}}],"line":11},"1":{"loc":{"start":{"line":12,"column":16},"end":{"line":12,"column":39}},"type":"binary-expr","locations":[{"start":{"line":12,"column":16},"end":{"line":12,"column":33}},{"start":{"line":12,"column":37},"end":{"line":12,"column":39}}],"line":12},"2":{"loc":{"start":{"line":13,"column":34},"end":{"line":13,"column":65}},"type":"cond-expr","locations":[{"start":{"line":13,"column":41},"end":{"line":13,"column":58}},{"start":{"line":13,"column":61},"end":{"line":13,"column":65}}],"line":13},"3":{"loc":{"start":{"line":40,"column":6},"end":{"line":40,"column":null}},"type":"if","locations":[{"start":{"line":40,"column":6},"end":{"line":40,"column":null}},{"start":{},"end":{}}],"line":40},"4":{"loc":{"start":{"line":46,"column":4},"end":{"line":49,"column":null}},"type":"if","locations":[{"start":{"line":46,"column":4},"end":{"line":49,"column":null}},{"start":{},"end":{}}],"line":46},"5":{"loc":{"start":{"line":54,"column":4},"end":{"line":54,"column":null}},"type":"if","locations":[{"start":{"line":54,"column":4},"end":{"line":54,"column":null}},{"start":{},"end":{}}],"line":54},"6":{"loc":{"start":{"line":66,"column":4},"end":{"line":69,"column":null}},"type":"if","locations":[{"start":{"line":66,"column":4},"end":{"line":69,"column":null}},{"start":{},"end":{}}],"line":66},"7":{"loc":{"start":{"line":73,"column":4},"end":{"line":73,"column":null}},"type":"if","locations":[{"start":{"line":73,"column":4},"end":{"line":73,"column":null}},{"start":{},"end":{}}],"line":73},"8":{"loc":{"start":{"line":75,"column":17},"end":{"line":75,"column":32}},"type":"binary-expr","locations":[{"start":{"line":75,"column":17},"end":{"line":75,"column":26}},{"start":{"line":75,"column":30},"end":{"line":75,"column":32}}],"line":75},"9":{"loc":{"start":{"line":76,"column":18},"end":{"line":76,"column":34}},"type":"binary-expr","locations":[{"start":{"line":76,"column":18},"end":{"line":76,"column":28}},{"start":{"line":76,"column":32},"end":{"line":76,"column":34}}],"line":76},"10":{"loc":{"start":{"line":82,"column":6},"end":{"line":86,"column":null}},"type":"if","locations":[{"start":{"line":82,"column":6},"end":{"line":86,"column":null}},{"start":{},"end":{}}],"line":82},"11":{"loc":{"start":{"line":107,"column":6},"end":{"line":111,"column":null}},"type":"if","locations":[{"start":{"line":107,"column":6},"end":{"line":111,"column":null}},{"start":{},"end":{}}],"line":107},"12":{"loc":{"start":{"line":121,"column":19},"end":{"line":121,"column":74}},"type":"binary-expr","locations":[{"start":{"line":121,"column":19},"end":{"line":121,"column":26}},{"start":{"line":121,"column":30},"end":{"line":121,"column":44}},{"start":{"line":121,"column":48},"end":{"line":121,"column":74}}],"line":121},"13":{"loc":{"start":{"line":161,"column":6},"end":{"line":161,"column":null}},"type":"if","locations":[{"start":{"line":161,"column":6},"end":{"line":161,"column":null}},{"start":{},"end":{}}],"line":161},"14":{"loc":{"start":{"line":166,"column":10},"end":{"line":166,"column":42}},"type":"if","locations":[{"start":{"line":166,"column":10},"end":{"line":166,"column":42}},{"start":{},"end":{}}],"line":166},"15":{"loc":{"start":{"line":169,"column":12},"end":{"line":169,"column":null}},"type":"if","locations":[{"start":{"line":169,"column":12},"end":{"line":169,"column":null}},{"start":{},"end":{}}],"line":169},"16":{"loc":{"start":{"line":172,"column":12},"end":{"line":172,"column":null}},"type":"if","locations":[{"start":{"line":172,"column":12},"end":{"line":172,"column":null}},{"start":{},"end":{}}],"line":172},"17":{"loc":{"start":{"line":176,"column":12},"end":{"line":182,"column":null}},"type":"if","locations":[{"start":{"line":176,"column":12},"end":{"line":182,"column":null}},{"start":{"line":179,"column":19},"end":{"line":182,"column":null}}],"line":176},"18":{"loc":{"start":{"line":176,"column":16},"end":{"line":176,"column":66}},"type":"binary-expr","locations":[{"start":{"line":176,"column":16},"end":{"line":176,"column":40}},{"start":{"line":176,"column":44},"end":{"line":176,"column":66}}],"line":176},"19":{"loc":{"start":{"line":179,"column":19},"end":{"line":182,"column":null}},"type":"if","locations":[{"start":{"line":179,"column":19},"end":{"line":182,"column":null}},{"start":{},"end":{}}],"line":179},"20":{"loc":{"start":{"line":179,"column":23},"end":{"line":179,"column":72}},"type":"binary-expr","locations":[{"start":{"line":179,"column":23},"end":{"line":179,"column":44}},{"start":{"line":179,"column":48},"end":{"line":179,"column":72}}],"line":179},"21":{"loc":{"start":{"line":193,"column":24},"end":{"line":193,"column":47}},"type":"binary-expr","locations":[{"start":{"line":193,"column":24},"end":{"line":193,"column":41}},{"start":{"line":193,"column":45},"end":{"line":193,"column":47}}],"line":193},"22":{"loc":{"start":{"line":195,"column":22},"end":{"line":195,"column":38}},"type":"cond-expr","locations":[{"start":{"line":195,"column":29},"end":{"line":195,"column":32}},{"start":{"line":195,"column":35},"end":{"line":195,"column":38}}],"line":195},"23":{"loc":{"start":{"line":197,"column":10},"end":{"line":203,"column":null}},"type":"if","locations":[{"start":{"line":197,"column":10},"end":{"line":203,"column":null}},{"start":{"line":199,"column":17},"end":{"line":203,"column":null}}],"line":197},"24":{"loc":{"start":{"line":208,"column":8},"end":{"line":232,"column":null}},"type":"if","locations":[{"start":{"line":208,"column":8},"end":{"line":232,"column":null}},{"start":{},"end":{}}],"line":208},"25":{"loc":{"start":{"line":219,"column":10},"end":{"line":230,"column":null}},"type":"if","locations":[{"start":{"line":219,"column":10},"end":{"line":230,"column":null}},{"start":{},"end":{}}],"line":219},"26":{"loc":{"start":{"line":234,"column":28},"end":{"line":234,"column":71}},"type":"cond-expr","locations":[{"start":{"line":234,"column":46},"end":{"line":234,"column":47}},{"start":{"line":234,"column":50},"end":{"line":234,"column":71}}],"line":234},"27":{"loc":{"start":{"line":235,"column":8},"end":{"line":243,"column":null}},"type":"if","locations":[{"start":{"line":235,"column":8},"end":{"line":243,"column":null}},{"start":{},"end":{}}],"line":235},"28":{"loc":{"start":{"line":244,"column":22},"end":{"line":246,"column":19}},"type":"cond-expr","locations":[{"start":{"line":245,"column":12},"end":{"line":245,"column":null}},{"start":{"line":246,"column":12},"end":{"line":246,"column":19}}],"line":244}},"s":{"0":5,"1":5,"2":5,"3":0,"4":5,"5":5,"6":5,"7":5,"8":5,"9":2,"10":5,"11":0,"12":0,"13":0,"14":0,"15":0,"16":0,"17":0,"18":0,"19":0,"20":0,"21":0,"22":0,"23":0,"24":0,"25":0,"26":5,"27":5,"28":0,"29":0,"30":5,"31":5,"32":5,"33":5,"34":0,"35":5,"36":5,"37":5,"38":5,"39":5,"40":5,"41":5,"42":10,"43":5,"44":0,"45":5,"46":0,"47":0,"48":0,"49":0,"50":0,"51":0,"52":0,"53":5,"54":0,"55":0,"56":0,"57":0,"58":5,"59":5,"60":5,"61":5,"62":5,"63":5,"64":5,"65":5,"66":5,"67":10,"68":5,"69":5,"70":5,"71":5,"72":5,"73":0,"74":5,"75":8,"76":8,"77":16,"78":0,"79":16,"80":16,"81":5,"82":1,"83":4,"84":4,"85":4,"86":4,"87":4,"88":3,"89":3,"90":1,"91":1,"92":1,"93":7,"94":7,"95":7,"96":14,"97":14,"98":14,"99":14,"100":14,"101":14,"102":10,"103":4,"104":4,"105":14,"106":7,"107":7,"108":2,"109":2,"110":2,"111":0,"112":2,"113":2,"114":2,"115":0,"116":2,"117":5,"118":8,"119":1,"120":1,"121":1,"122":1,"123":1,"124":4,"125":8,"126":5,"127":0,"128":0,"129":0,"130":5},"f":{"0":5,"1":5,"2":5,"3":5,"4":0,"5":0,"6":5,"7":10,"8":0,"9":0,"10":0,"11":0,"12":10,"13":8,"14":0,"15":1,"16":0},"b":{"0":[5,0],"1":[0,0],"2":[0,0],"3":[2,3],"4":[0,0],"5":[0,0],"6":[0,5],"7":[0,5],"8":[5,0],"9":[5,5],"10":[5,0],"11":[0,5],"12":[5,0,0],"13":[0,5],"14":[0,16],"15":[1,4],"16":[4,0],"17":[3,1],"18":[4,1],"19":[1,0],"20":[1,1],"21":[14,10],"22":[4,10],"23":[10,4],"24":[2,5],"25":[2,0],"26":[0,5],"27":[1,7],"28":[4,0]},"meta":{"lastBranch":29,"lastFunction":17,"lastStatement":131,"seen":{"f:9:9:9:18":0,"s:10:15:10:39":0,"b:11:2:11:Infinity:undefined:undefined:undefined:undefined":0,"s:11:2:11:Infinity":1,"s:11:13:11:Infinity":2,"s:12:15:12:47":3,"b:12:16:12:33:12:37:12:39":1,"s:13:2:13:Infinity":4,"b:13:41:13:58:13:61:13:65":2,"f:20:16:20:32":1,"s:37:18:37:30":5,"s:38:2:43:Infinity":6,"f:39:4:39:5":2,"s:39:10:41:5":7,"f:39:10:39:11":3,"b:40:6:40:Infinity:undefined:undefined:undefined:undefined":3,"s:40:6:40:Infinity":8,"s:40:27:40:Infinity":9,"s:45:24:63:3":10,"f:45:24:45:29":4,"b:46:4:49:Infinity:undefined:undefined:undefined:undefined":4,"s:46:4:49:Infinity":11,"s:47:6:47:Infinity":12,"s:48:6:48:Infinity":13,"s:50:4:50:Infinity":14,"s:51:4:51:Infinity":15,"s:52:4:52:Infinity":16,"s:53:4:53:Infinity":17,"b:54:4:54:Infinity:undefined:undefined:undefined:undefined":5,"s:54:4:54:Infinity":18,"s:54:28:54:Infinity":19,"s:56:4:62:Infinity":20,"s:57:22:57:69":21,"s:58:6:58:Infinity":22,"s:60:6:60:Infinity":23,"s:61:6:61:Infinity":24,"f:61:14:61:15":5,"s:61:21:61:50":25,"s:65:29:254:3":26,"f:65:29:65:34":6,"b:66:4:69:Infinity:undefined:undefined:undefined:undefined":6,"s:66:4:69:Infinity":27,"s:67:6:67:Infinity":28,"s:68:6:68:Infinity":29,"s:70:4:70:Infinity":30,"s:71:4:71:Infinity":31,"s:72:4:72:Infinity":32,"b:73:4:73:Infinity:undefined:undefined:undefined:undefined":7,"s:73:4:73:Infinity":33,"s:73:28:73:Infinity":34,"s:75:17:75:32":35,"b:75:17:75:26:75:30:75:32":8,"s:76:18:76:34":36,"b:76:18:76:28:76:32:76:34":9,"s:78:4:253:Infinity":37,"s:79:24:79:26":38,"b:82:6:86:Infinity:undefined:undefined:undefined:undefined":10,"s:82:6:86:Infinity":39,"s:83:25:83:83":40,"s:84:8:84:Infinity":41,"f:84:44:84:45":7,"s:84:51:84:59":42,"s:85:8:85:Infinity":43,"f:85:16:85:17":8,"s:85:23:85:71":44,"s:89:6:105:Infinity":45,"s:90:8:104:Infinity":46,"s:91:26:99:11":47,"s:100:10:100:Infinity":48,"s:101:10:101:Infinity":49,"f:101:18:101:19":9,"s:101:25:101:60":50,"s:103:10:103:Infinity":51,"f:103:18:103:19":10,"s:103:25:103:75":52,"b:107:6:111:Infinity:undefined:undefined:undefined:undefined":11,"s:107:6:111:Infinity":53,"s:108:8:108:Infinity":54,"s:109:8:109:Infinity":55,"f:109:16:109:17":11,"s:109:23:109:56":56,"s:110:8:110:Infinity":57,"s:118:6:131:Infinity":58,"s:119:8:128:Infinity":59,"b:121:19:121:26:121:30:121:44:121:48:121:74":12,"s:136:20:136:36":60,"s:137:23:137:32":61,"s:138:23:138:32":62,"s:139:22:139:23":63,"s:140:19:140:20":64,"s:143:21:143:30":65,"s:144:6:144:Infinity":66,"f:144:24:144:25":12,"s:144:36:144:69":67,"s:146:19:146:20":68,"s:155:22:155:26":69,"s:156:30:156:31":70,"s:157:30:157:31":71,"b:161:6:161:Infinity:undefined:undefined:undefined:undefined":13,"s:161:6:161:Infinity":72,"s:161:27:161:Infinity":73,"s:163:19:248:7":74,"f:163:19:163:24":13,"s:164:30:164:35":75,"s:165:8:186:Infinity":76,"b:166:10:166:42:undefined:undefined:undefined:undefined":14,"s:166:10:166:42":77,"s:166:33:166:42":78,"s:167:10:185:Infinity":79,"s:168:22:168:69":80,"b:169:12:169:Infinity:undefined:undefined:undefined:undefined":15,"s:169:12:169:Infinity":81,"s:169:23:169:Infinity":82,"s:170:12:170:Infinity":83,"s:171:22:171:36":84,"b:172:12:172:Infinity:undefined:undefined:undefined:undefined":16,"s:172:12:172:Infinity":85,"s:172:39:172:Infinity":86,"b:176:12:182:Infinity:179:19:182:Infinity":17,"s:176:12:182:Infinity":87,"b:176:16:176:40:176:44:176:66":18,"s:177:14:177:Infinity":88,"s:178:14:178:Infinity":89,"b:179:19:182:Infinity:undefined:undefined:undefined:undefined":19,"s:179:19:182:Infinity":90,"b:179:23:179:44:179:48:179:72":20,"s:180:14:180:Infinity":91,"s:181:14:181:Infinity":92,"s:189:23:189:112":93,"s:190:23:190:35":94,"s:191:8:205:Infinity":95,"s:192:24:192:39":96,"s:193:24:193:47":97,"b:193:24:193:41:193:45:193:47":21,"s:194:23:194:40":98,"s:195:22:195:38":99,"b:195:29:195:32:195:35:195:38":22,"s:196:10:196:Infinity":100,"b:197:10:203:Infinity:199:17:203:Infinity":23,"s:197:10:203:Infinity":101,"s:198:12:198:Infinity":102,"s:200:12:202:Infinity":103,"s:201:14:201:Infinity":104,"s:204:10:204:Infinity":105,"s:206:8:206:Infinity":106,"b:208:8:232:Infinity:undefined:undefined:undefined:undefined":24,"s:208:8:232:Infinity":107,"s:209:10:209:Infinity":108,"s:210:10:210:Infinity":109,"s:211:10:214:Infinity":110,"f:211:18:211:19":14,"s:211:25:214:11":111,"b:219:10:230:Infinity:undefined:undefined:undefined:undefined":25,"s:219:10:230:Infinity":112,"s:220:12:229:Infinity":113,"s:221:14:226:Infinity":114,"s:228:14:228:Infinity":115,"s:231:10:231:Infinity":116,"s:234:8:234:Infinity":117,"b:234:46:234:47:234:50:234:71":26,"b:235:8:243:Infinity:undefined:undefined:undefined:undefined":27,"s:235:8:243:Infinity":118,"s:236:10:236:Infinity":119,"s:237:10:237:Infinity":120,"s:238:10:241:Infinity":121,"f:238:18:238:19":15,"s:238:25:241:11":122,"s:242:10:242:Infinity":123,"s:244:22:246:19":124,"b:245:12:245:Infinity:246:12:246:19":28,"s:247:8:247:Infinity":125,"s:249:6:249:Infinity":126,"s:251:6:251:Infinity":127,"s:252:6:252:Infinity":128,"f:252:14:252:15":16,"s:252:21:252:56":129,"s:256:2:256:Infinity":130},"fnNames":{}}}
,"/home/user/clippyme/dashboard/src/hooks/useManualTrim.js": {"path":"/home/user/clippyme/dashboard/src/hooks/useManualTrim.js","statementMap":{"0":{"start":{"line":12,"column":34},"end":{"line":12,"column":48}},"1":{"start":{"line":13,"column":30},"end":{"line":13,"column":45}},"2":{"start":{"line":14,"column":32},"end":{"line":14,"column":57}},"3":{"start":{"line":14,"column":47},"end":{"line":14,"column":56}},"4":{"start":{"line":19,"column":2},"end":{"line":30,"column":null}},"5":{"start":{"line":20,"column":4},"end":{"line":20,"column":null}},"6":{"start":{"line":20,"column":48},"end":{"line":20,"column":null}},"7":{"start":{"line":21,"column":16},"end":{"line":21,"column":20}},"8":{"start":{"line":22,"column":4},"end":{"line":28,"column":null}},"9":{"start":{"line":23,"column":21},"end":{"line":23,"column":null}},"10":{"start":{"line":23,"column":33},"end":{"line":23,"column":null}},"11":{"start":{"line":24,"column":21},"end":{"line":24,"column":37}},"12":{"start":{"line":25,"column":8},"end":{"line":25,"column":null}},"13":{"start":{"line":26,"column":8},"end":{"line":26,"column":null}},"14":{"start":{"line":28,"column":21},"end":{"line":28,"column":48}},"15":{"start":{"line":28,"column":32},"end":{"line":28,"column":48}},"16":{"start":{"line":29,"column":4},"end":{"line":29,"column":null}},"17":{"start":{"line":29,"column":19},"end":{"line":29,"column":33}},"18":{"start":{"line":32,"column":21},"end":{"line":36,"column":4}},"19":{"start":{"line":32,"column":28},"end":{"line":36,"column":4}},"20":{"start":{"line":33,"column":17},"end":{"line":33,"column":30}},"21":{"start":{"line":34,"column":4},"end":{"line":34,"column":null}},"22":{"start":{"line":35,"column":4},"end":{"line":35,"column":null}},"23":{"start":{"line":41,"column":26},"end":{"line":41,"column":38}},"24":{"start":{"line":42,"column":26},"end":{"line":42,"column":41}},"25":{"start":{"line":43,"column":24},"end":{"line":43,"column":36}},"26":{"start":{"line":44,"column":14},"end":{"line":62,"column":3}},"27":{"start":{"line":45,"column":18},"end":{"line":45,"column":29}},"28":{"start":{"line":46,"column":4},"end":{"line":46,"column":null}},"29":{"start":{"line":46,"column":34},"end":{"line":46,"column":null}},"30":{"start":{"line":47,"column":4},"end":{"line":47,"column":18}},"31":{"start":{"line":47,"column":19},"end":{"line":47,"column":null}},"32":{"start":{"line":48,"column":4},"end":{"line":61,"column":null}},"33":{"start":{"line":49,"column":53},"end":{"line":49,"column":88}},"34":{"start":{"line":50,"column":18},"end":{"line":50,"column":64}},"35":{"start":{"line":51,"column":6},"end":{"line":56,"column":null}},"36":{"start":{"line":52,"column":8},"end":{"line":52,"column":null}},"37":{"start":{"line":52,"column":29},"end":{"line":52,"column":55}},"38":{"start":{"line":53,"column":8},"end":{"line":53,"column":null}},"39":{"start":{"line":55,"column":8},"end":{"line":55,"column":null}},"40":{"start":{"line":58,"column":6},"end":{"line":58,"column":null}},"41":{"start":{"line":60,"column":6},"end":{"line":60,"column":null}},"42":{"start":{"line":64,"column":21},"end":{"line":64,"column":63}},"43":{"start":{"line":65,"column":2},"end":{"line":69,"column":null}}},"fnMap":{"0":{"name":"useManualTrim","decl":{"start":{"line":11,"column":16},"end":{"line":11,"column":29}},"loc":{"start":{"line":11,"column":73},"end":{"line":70,"column":null}},"line":11},"1":{"name":"(anonymous_1)","decl":{"start":{"line":14,"column":41},"end":{"line":14,"column":42}},"loc":{"start":{"line":14,"column":47},"end":{"line":14,"column":56}},"line":14},"2":{"name":"(anonymous_2)","decl":{"start":{"line":19,"column":12},"end":{"line":19,"column":13}},"loc":{"start":{"line":19,"column":18},"end":{"line":30,"column":3}},"line":19},"3":{"name":"(anonymous_3)","decl":{"start":{"line":23,"column":12},"end":{"line":23,"column":13}},"loc":{"start":{"line":23,"column":19},"end":{"line":27,"column":7}},"line":23},"4":{"name":"(anonymous_4)","decl":{"start":{"line":28,"column":13},"end":{"line":28,"column":14}},"loc":{"start":{"line":28,"column":19},"end":{"line":28,"column":50}},"line":28},"5":{"name":"(anonymous_5)","decl":{"start":{"line":29,"column":11},"end":{"line":29,"column":12}},"loc":{"start":{"line":29,"column":17},"end":{"line":29,"column":35}},"line":29},"6":{"name":"(anonymous_6)","decl":{"start":{"line":32,"column":21},"end":{"line":32,"column":22}},"loc":{"start":{"line":32,"column":28},"end":{"line":36,"column":4}},"line":32},"7":{"name":"(anonymous_7)","decl":{"start":{"line":32,"column":39},"end":{"line":32,"column":40}},"loc":{"start":{"line":32,"column":49},"end":{"line":36,"column":3}},"line":32},"8":{"name":"(anonymous_8)","decl":{"start":{"line":44,"column":14},"end":{"line":44,"column":19}},"loc":{"start":{"line":44,"column":26},"end":{"line":62,"column":3}},"line":44},"9":{"name":"(anonymous_9)","decl":{"start":{"line":52,"column":19},"end":{"line":52,"column":20}},"loc":{"start":{"line":52,"column":29},"end":{"line":52,"column":55}},"line":52}},"branchMap":{"0":{"loc":{"start":{"line":20,"column":4},"end":{"line":20,"column":null}},"type":"if","locations":[{"start":{"line":20,"column":4},"end":{"line":20,"column":null}},{"start":{},"end":{}}],"line":20},"1":{"loc":{"start":{"line":20,"column":8},"end":{"line":20,"column":46}},"type":"binary-expr","locations":[{"start":{"line":20,"column":8},"end":{"line":20,"column":15}},{"start":{"line":20,"column":19},"end":{"line":20,"column":36}},{"start":{"line":20,"column":40},"end":{"line":20,"column":46}}],"line":20},"2":{"loc":{"start":{"line":23,"column":21},"end":{"line":23,"column":null}},"type":"if","locations":[{"start":{"line":23,"column":21},"end":{"line":23,"column":null}},{"start":{},"end":{}}],"line":23},"3":{"loc":{"start":{"line":24,"column":21},"end":{"line":24,"column":37}},"type":"binary-expr","locations":[{"start":{"line":24,"column":21},"end":{"line":24,"column":31}},{"start":{"line":24,"column":35},"end":{"line":24,"column":37}}],"line":24},"4":{"loc":{"start":{"line":28,"column":21},"end":{"line":28,"column":48}},"type":"if","locations":[{"start":{"line":28,"column":21},"end":{"line":28,"column":48}},{"start":{},"end":{}}],"line":28},"5":{"loc":{"start":{"line":34,"column":4},"end":{"line":34,"column":46}},"type":"cond-expr","locations":[{"start":{"line":34,"column":18},"end":{"line":34,"column":32}},{"start":{"line":34,"column":35},"end":{"line":34,"column":46}}],"line":34},"6":{"loc":{"start":{"line":46,"column":4},"end":{"line":46,"column":null}},"type":"if","locations":[{"start":{"line":46,"column":4},"end":{"line":46,"column":null}},{"start":{},"end":{}}],"line":46},"7":{"loc":{"start":{"line":46,"column":8},"end":{"line":46,"column":32}},"type":"binary-expr","locations":[{"start":{"line":46,"column":8},"end":{"line":46,"column":14}},{"start":{"line":46,"column":18},"end":{"line":46,"column":22}},{"start":{"line":46,"column":26},"end":{"line":46,"column":32}}],"line":46},"8":{"loc":{"start":{"line":49,"column":14},"end":{"line":49,"column":30}},"type":"default-arg","locations":[{"start":{"line":49,"column":28},"end":{"line":49,"column":30}}],"line":49},"9":{"loc":{"start":{"line":49,"column":32},"end":{"line":49,"column":48}},"type":"default-arg","locations":[{"start":{"line":49,"column":46},"end":{"line":49,"column":48}}],"line":49},"10":{"loc":{"start":{"line":50,"column":36},"end":{"line":50,"column":50}},"type":"binary-expr","locations":[{"start":{"line":50,"column":36},"end":{"line":50,"column":44}},{"start":{"line":50,"column":48},"end":{"line":50,"column":50}}],"line":50},"11":{"loc":{"start":{"line":51,"column":6},"end":{"line":56,"column":null}},"type":"if","locations":[{"start":{"line":51,"column":6},"end":{"line":56,"column":null}},{"start":{"line":54,"column":13},"end":{"line":56,"column":null}}],"line":51},"12":{"loc":{"start":{"line":53,"column":15},"end":{"line":53,"column":84}},"type":"binary-expr","locations":[{"start":{"line":53,"column":15},"end":{"line":53,"column":26}},{"start":{"line":53,"column":30},"end":{"line":53,"column":84}}],"line":53},"13":{"loc":{"start":{"line":53,"column":56},"end":{"line":53,"column":81}},"type":"cond-expr","locations":[{"start":{"line":53,"column":73},"end":{"line":53,"column":75}},{"start":{"line":53,"column":78},"end":{"line":53,"column":81}}],"line":53},"14":{"loc":{"start":{"line":55,"column":15},"end":{"line":55,"column":68}},"type":"binary-expr","locations":[{"start":{"line":55,"column":15},"end":{"line":55,"column":26}},{"start":{"line":55,"column":30},"end":{"line":55,"column":68}}],"line":55},"15":{"loc":{"start":{"line":58,"column":13},"end":{"line":58,"column":43}},"type":"binary-expr","locations":[{"start":{"line":58,"column":13},"end":{"line":58,"column":22}},{"start":{"line":58,"column":26},"end":{"line":58,"column":43}}],"line":58},"16":{"loc":{"start":{"line":64,"column":39},"end":{"line":64,"column":53}},"type":"binary-expr","locations":[{"start":{"line":64,"column":39},"end":{"line":64,"column":47}},{"start":{"line":64,"column":51},"end":{"line":64,"column":53}}],"line":64}},"s":{"0":31,"1":31,"2":31,"3":9,"4":31,"5":11,"6":10,"7":1,"8":1,"9":1,"10":0,"11":1,"12":1,"13":1,"14":0,"15":0,"16":1,"17":1,"18":31,"19":1,"20":1,"21":1,"22":1,"23":31,"24":31,"25":31,"26":31,"27":0,"28":0,"29":0,"30":0,"31":0,"32":0,"33":0,"34":0,"35":0,"36":0,"37":0,"38":0,"39":0,"40":0,"41":0,"42":31,"43":31},"f":{"0":31,"1":9,"2":11,"3":1,"4":0,"5":1,"6":1,"7":1,"8":0,"9":0},"b":{"0":[10,1],"1":[11,2,1],"2":[0,1],"3":[1,0],"4":[0,0],"5":[0,1],"6":[0,0],"7":[0,0,0],"8":[0],"9":[0],"10":[0,0],"11":[0,0],"12":[0,0],"13":[0,0],"14":[0,0],"15":[0,0],"16":[31,29]},"meta":{"lastBranch":17,"lastFunction":10,"lastStatement":44,"seen":{"f:11:16:11:29":0,"s:12:34:12:48":0,"s:13:30:13:45":1,"s:14:32:14:57":2,"f:14:41:14:42":1,"s:14:47:14:56":3,"s:19:2:30:Infinity":4,"f:19:12:19:13":2,"b:20:4:20:Infinity:undefined:undefined:undefined:undefined":0,"s:20:4:20:Infinity":5,"b:20:8:20:15:20:19:20:36:20:40:20:46":1,"s:20:48:20:Infinity":6,"s:21:16:21:20":7,"s:22:4:28:Infinity":8,"f:23:12:23:13":3,"b:23:21:23:Infinity:undefined:undefined:undefined:undefined":2,"s:23:21:23:Infinity":9,"s:23:33:23:Infinity":10,"s:24:21:24:37":11,"b:24:21:24:31:24:35:24:37":3,"s:25:8:25:Infinity":12,"s:26:8:26:Infinity":13,"f:28:13:28:14":4,"b:28:21:28:48:undefined:undefined:undefined:undefined":4,"s:28:21:28:48":14,"s:28:32:28:48":15,"s:29:4:29:Infinity":16,"f:29:11:29:12":5,"s:29:19:29:33":17,"s:32:21:36:4":18,"f:32:21:32:22":6,"s:32:28:36:4":19,"f:32:39:32:40":7,"s:33:17:33:30":20,"s:34:4:34:Infinity":21,"b:34:18:34:32:34:35:34:46":5,"s:35:4:35:Infinity":22,"s:41:26:41:38":23,"s:42:26:42:41":24,"s:43:24:43:36":25,"s:44:14:62:3":26,"f:44:14:44:19":8,"s:45:18:45:29":27,"b:46:4:46:Infinity:undefined:undefined:undefined:undefined":6,"s:46:4:46:Infinity":28,"b:46:8:46:14:46:18:46:22:46:26:46:32":7,"s:46:34:46:Infinity":29,"s:47:4:47:18":30,"s:47:19:47:Infinity":31,"s:48:4:61:Infinity":32,"s:49:53:49:88":33,"b:49:28:49:30":8,"b:49:46:49:48":9,"s:50:18:50:64":34,"b:50:36:50:44:50:48:50:50":10,"b:51:6:56:Infinity:54:13:56:Infinity":11,"s:51:6:56:Infinity":35,"s:52:8:52:Infinity":36,"f:52:19:52:20":9,"s:52:29:52:55":37,"s:53:8:53:Infinity":38,"b:53:15:53:26:53:30:53:84":12,"b:53:73:53:75:53:78:53:81":13,"s:55:8:55:Infinity":39,"b:55:15:55:26:55:30:55:68":14,"s:58:6:58:Infinity":40,"b:58:13:58:22:58:26:58:43":15,"s:60:6:60:Infinity":41,"s:64:21:64:63":42,"b:64:39:64:47:64:51:64:53":16,"s:65:2:69:Infinity":43},"fnNames":{}}}
,"/home/user/clippyme/dashboard/src/lib/apiToken.js": {"path":"/home/user/clippyme/dashboard/src/lib/apiToken.js","statementMap":{"0":{"start":{"line":7,"column":22},"end":{"line":7,"column":42}},"1":{"start":{"line":12,"column":2},"end":{"line":16,"column":null}},"2":{"start":{"line":13,"column":4},"end":{"line":13,"column":null}},"3":{"start":{"line":15,"column":4},"end":{"line":15,"column":null}},"4":{"start":{"line":20,"column":2},"end":{"line":24,"column":null}},"5":{"start":{"line":21,"column":4},"end":{"line":21,"column":null}},"6":{"start":{"line":23,"column":4},"end":{"line":23,"column":null}},"7":{"start":{"line":28,"column":2},"end":{"line":36,"column":null}},"8":{"start":{"line":29,"column":14},"end":{"line":29,"column":23}},"9":{"start":{"line":30,"column":4},"end":{"line":30,"column":null}},"10":{"start":{"line":30,"column":12},"end":{"line":30,"column":null}},"11":{"start":{"line":31,"column":20},"end":{"line":31,"column":40}},"12":{"start":{"line":32,"column":4},"end":{"line":33,"column":null}},"13":{"start":{"line":32,"column":17},"end":{"line":32,"column":null}},"14":{"start":{"line":33,"column":9},"end":{"line":33,"column":null}},"15":{"start":{"line":41,"column":16},"end":{"line":41,"column":29}},"16":{"start":{"line":42,"column":2},"end":{"line":42,"column":null}},"17":{"start":{"line":42,"column":14},"end":{"line":42,"column":null}},"18":{"start":{"line":43,"column":2},"end":{"line":43,"column":null}}},"fnMap":{"0":{"name":"storage","decl":{"start":{"line":9,"column":9},"end":{"line":9,"column":16}},"loc":{"start":{"line":9,"column":19},"end":{"line":17,"column":null}},"line":9},"1":{"name":"getApiToken","decl":{"start":{"line":19,"column":16},"end":{"line":19,"column":27}},"loc":{"start":{"line":19,"column":30},"end":{"line":25,"column":null}},"line":19},"2":{"name":"setApiToken","decl":{"start":{"line":27,"column":16},"end":{"line":27,"column":27}},"loc":{"start":{"line":27,"column":35},"end":{"line":37,"column":null}},"line":27},"3":{"name":"apiFetch","decl":{"start":{"line":40,"column":16},"end":{"line":40,"column":24}},"loc":{"start":{"line":40,"column":41},"end":{"line":44,"column":null}},"line":40}},"branchMap":{"0":{"loc":{"start":{"line":13,"column":11},"end":{"line":13,"column":68}},"type":"cond-expr","locations":[{"start":{"line":13,"column":49},"end":{"line":13,"column":61}},{"start":{"line":13,"column":64},"end":{"line":13,"column":68}}],"line":13},"1":{"loc":{"start":{"line":21,"column":11},"end":{"line":21,"column":50}},"type":"binary-expr","locations":[{"start":{"line":21,"column":11},"end":{"line":21,"column":44}},{"start":{"line":21,"column":48},"end":{"line":21,"column":50}}],"line":21},"2":{"loc":{"start":{"line":30,"column":4},"end":{"line":30,"column":null}},"type":"if","locations":[{"start":{"line":30,"column":4},"end":{"line":30,"column":null}},{"start":{},"end":{}}],"line":30},"3":{"loc":{"start":{"line":31,"column":21},"end":{"line":31,"column":32}},"type":"binary-expr","locations":[{"start":{"line":31,"column":21},"end":{"line":31,"column":26}},{"start":{"line":31,"column":30},"end":{"line":31,"column":32}}],"line":31},"4":{"loc":{"start":{"line":32,"column":4},"end":{"line":33,"column":null}},"type":"if","locations":[{"start":{"line":32,"column":4},"end":{"line":33,"column":null}},{"start":{"line":33,"column":9},"end":{"line":33,"column":null}}],"line":32},"5":{"loc":{"start":{"line":40,"column":30},"end":{"line":40,"column":39}},"type":"default-arg","locations":[{"start":{"line":40,"column":37},"end":{"line":40,"column":39}}],"line":40},"6":{"loc":{"start":{"line":42,"column":2},"end":{"line":42,"column":null}},"type":"if","locations":[{"start":{"line":42,"column":2},"end":{"line":42,"column":null}},{"start":{},"end":{}}],"line":42},"7":{"loc":{"start":{"line":43,"column":46},"end":{"line":43,"column":64}},"type":"binary-expr","locations":[{"start":{"line":43,"column":46},"end":{"line":43,"column":58}},{"start":{"line":43,"column":62},"end":{"line":43,"column":64}}],"line":43}},"s":{"0":2,"1":9,"2":9,"3":0,"4":5,"5":5,"6":0,"7":4,"8":4,"9":4,"10":0,"11":4,"12":4,"13":3,"14":1,"15":2,"16":2,"17":1,"18":1},"f":{"0":9,"1":5,"2":4,"3":2},"b":{"0":[9,0],"1":[5,3],"2":[0,4],"3":[4,0],"4":[3,1],"5":[2],"6":[1,1],"7":[1,0]},"meta":{"lastBranch":8,"lastFunction":4,"lastStatement":19,"seen":{"s:7:22:7:42":0,"f:9:9:9:16":0,"s:12:2:16:Infinity":1,"s:13:4:13:Infinity":2,"b:13:49:13:61:13:64:13:68":0,"s:15:4:15:Infinity":3,"f:19:16:19:27":1,"s:20:2:24:Infinity":4,"s:21:4:21:Infinity":5,"b:21:11:21:44:21:48:21:50":1,"s:23:4:23:Infinity":6,"f:27:16:27:27":2,"s:28:2:36:Infinity":7,"s:29:14:29:23":8,"b:30:4:30:Infinity:undefined:undefined:undefined:undefined":2,"s:30:4:30:Infinity":9,"s:30:12:30:Infinity":10,"s:31:20:31:40":11,"b:31:21:31:26:31:30:31:32":3,"b:32:4:33:Infinity:33:9:33:Infinity":4,"s:32:4:33:Infinity":12,"s:32:17:32:Infinity":13,"s:33:9:33:Infinity":14,"f:40:16:40:24":3,"b:40:37:40:39":5,"s:41:16:41:29":15,"b:42:2:42:Infinity:undefined:undefined:undefined:undefined":6,"s:42:2:42:Infinity":16,"s:42:14:42:Infinity":17,"s:43:2:43:Infinity":18,"b:43:46:43:58:43:62:43:64":7},"fnNames":{}}}
,"/home/user/clippyme/dashboard/src/lib/applyEdit.js": {"path":"/home/user/clippyme/dashboard/src/lib/applyEdit.js","statementMap":{"0":{"start":{"line":9,"column":110},"end":{"line":9,"column":116}},"1":{"start":{"line":10,"column":25},"end":{"line":10,"column":49}},"2":{"start":{"line":11,"column":21},"end":{"line":11,"column":111}},"3":{"start":{"line":15,"column":2},"end":{"line":16,"column":null}},"4":{"start":{"line":18,"column":2},"end":{"line":21,"column":null}},"5":{"start":{"line":19,"column":4},"end":{"line":19,"column":null}},"6":{"start":{"line":20,"column":4},"end":{"line":20,"column":null}},"7":{"start":{"line":23,"column":23},"end":{"line":23,"column":28}},"8":{"start":{"line":24,"column":2},"end":{"line":59,"column":null}},"9":{"start":{"line":25,"column":4},"end":{"line":31,"column":null}},"10":{"start":{"line":26,"column":6},"end":{"line":26,"column":null}},"11":{"start":{"line":27,"column":6},"end":{"line":27,"column":null}},"12":{"start":{"line":30,"column":6},"end":{"line":30,"column":null}},"13":{"start":{"line":32,"column":4},"end":{"line":44,"column":null}},"14":{"start":{"line":33,"column":31},"end":{"line":40,"column":8}},"15":{"start":{"line":41,"column":6},"end":{"line":41,"column":null}},"16":{"start":{"line":43,"column":6},"end":{"line":43,"column":null}},"17":{"start":{"line":45,"column":4},"end":{"line":45,"column":null}},"18":{"start":{"line":50,"column":4},"end":{"line":54,"column":null}},"19":{"start":{"line":51,"column":6},"end":{"line":51,"column":null}},"20":{"start":{"line":52,"column":6},"end":{"line":52,"column":null}},"21":{"start":{"line":53,"column":6},"end":{"line":53,"column":null}},"22":{"start":{"line":55,"column":4},"end":{"line":55,"column":null}},"23":{"start":{"line":56,"column":4},"end":{"line":58,"column":null}}},"fnMap":{"0":{"name":"runApplyEdit","decl":{"start":{"line":8,"column":22},"end":{"line":8,"column":34}},"loc":{"start":{"line":8,"column":108},"end":{"line":60,"column":null}},"line":8}},"branchMap":{"0":{"loc":{"start":{"line":8,"column":90},"end":{"line":8,"column":104}},"type":"default-arg","locations":[{"start":{"line":8,"column":96},"end":{"line":8,"column":104}}],"line":8},"1":{"loc":{"start":{"line":11,"column":24},"end":{"line":11,"column":110}},"type":"binary-expr","locations":[{"start":{"line":11,"column":24},"end":{"line":11,"column":40}},{"start":{"line":11,"column":44},"end":{"line":11,"column":61}},{"start":{"line":11,"column":65},"end":{"line":11,"column":77}},{"start":{"line":11,"column":81},"end":{"line":11,"column":93}},{"start":{"line":11,"column":97},"end":{"line":11,"column":110}}],"line":11},"2":{"loc":{"start":{"line":16,"column":16},"end":{"line":16,"column":44}},"type":"binary-expr","locations":[{"start":{"line":16,"column":16},"end":{"line":16,"column":30}},{"start":{"line":16,"column":34},"end":{"line":16,"column":44}}],"line":16},"3":{"loc":{"start":{"line":18,"column":2},"end":{"line":21,"column":null}},"type":"if","locations":[{"start":{"line":18,"column":2},"end":{"line":21,"column":null}},{"start":{},"end":{}}],"line":18},"4":{"loc":{"start":{"line":18,"column":6},"end":{"line":18,"column":36}},"type":"binary-expr","locations":[{"start":{"line":18,"column":6},"end":{"line":18,"column":21}},{"start":{"line":18,"column":25},"end":{"line":18,"column":36}}],"line":18},"5":{"loc":{"start":{"line":25,"column":4},"end":{"line":31,"column":null}},"type":"if","locations":[{"start":{"line":25,"column":4},"end":{"line":31,"column":null}},{"start":{},"end":{}}],"line":25},"6":{"loc":{"start":{"line":32,"column":4},"end":{"line":44,"column":null}},"type":"if","locations":[{"start":{"line":32,"column":4},"end":{"line":44,"column":null}},{"start":{"line":42,"column":11},"end":{"line":44,"column":null}}],"line":32},"7":{"loc":{"start":{"line":35,"column":21},"end":{"line":35,"column":51}},"type":"cond-expr","locations":[{"start":{"line":35,"column":36},"end":{"line":35,"column":46}},{"start":{"line":35,"column":49},"end":{"line":35,"column":51}}],"line":35},"8":{"loc":{"start":{"line":36,"column":25},"end":{"line":36,"column":64}},"type":"cond-expr","locations":[{"start":{"line":36,"column":45},"end":{"line":36,"column":59}},{"start":{"line":36,"column":62},"end":{"line":36,"column":64}}],"line":36},"9":{"loc":{"start":{"line":37,"column":21},"end":{"line":37,"column":51}},"type":"cond-expr","locations":[{"start":{"line":37,"column":36},"end":{"line":37,"column":46}},{"start":{"line":37,"column":49},"end":{"line":37,"column":51}}],"line":37},"10":{"loc":{"start":{"line":38,"column":22},"end":{"line":38,"column":54}},"type":"cond-expr","locations":[{"start":{"line":38,"column":38},"end":{"line":38,"column":49}},{"start":{"line":38,"column":52},"end":{"line":38,"column":54}}],"line":38},"11":{"loc":{"start":{"line":39,"column":21},"end":{"line":39,"column":63}},"type":"cond-expr","locations":[{"start":{"line":39,"column":41},"end":{"line":39,"column":57}},{"start":{"line":39,"column":61},"end":{"line":39,"column":63}}],"line":39},"12":{"loc":{"start":{"line":39,"column":41},"end":{"line":39,"column":57}},"type":"binary-expr","locations":[{"start":{"line":39,"column":41},"end":{"line":39,"column":51}},{"start":{"line":39,"column":55},"end":{"line":39,"column":57}}],"line":39},"13":{"loc":{"start":{"line":50,"column":4},"end":{"line":54,"column":null}},"type":"if","locations":[{"start":{"line":50,"column":4},"end":{"line":54,"column":null}},{"start":{},"end":{}}],"line":50},"14":{"loc":{"start":{"line":56,"column":23},"end":{"line":58,"column":87}},"type":"cond-expr","locations":[{"start":{"line":57,"column":8},"end":{"line":57,"column":null}},{"start":{"line":58,"column":8},"end":{"line":58,"column":87}}],"line":56},"15":{"loc":{"start":{"line":58,"column":54},"end":{"line":58,"column":73}},"type":"binary-expr","locations":[{"start":{"line":58,"column":54},"end":{"line":58,"column":66}},{"start":{"line":58,"column":70},"end":{"line":58,"column":73}}],"line":58}},"s":{"0":8,"1":8,"2":8,"3":8,"4":8,"5":1,"6":1,"7":7,"8":7,"9":7,"10":5,"11":3,"12":3,"13":5,"14":4,"15":3,"16":1,"17":4,"18":3,"19":1,"20":1,"21":1,"22":2,"23":2},"f":{"0":8},"b":{"0":[8],"1":[8,6,4,4,4],"2":[8,3],"3":[1,7],"4":[8,3],"5":[5,2],"6":[4,1],"7":[0,4],"8":[2,2],"9":[0,4],"10":[0,4],"11":[2,2],"12":[2,0],"13":[1,2],"14":[1,1],"15":[1,0]},"meta":{"lastBranch":16,"lastFunction":1,"lastStatement":24,"seen":{"f:8:22:8:34":0,"b:8:96:8:104":0,"s:9:110:9:116":0,"s:10:25:10:49":1,"s:11:21:11:111":2,"b:11:24:11:40:11:44:11:61:11:65:11:77:11:81:11:93:11:97:11:110":1,"s:15:2:16:Infinity":3,"b:16:16:16:30:16:34:16:44":2,"b:18:2:21:Infinity:undefined:undefined:undefined:undefined":3,"s:18:2:21:Infinity":4,"b:18:6:18:21:18:25:18:36":4,"s:19:4:19:Infinity":5,"s:20:4:20:Infinity":6,"s:23:23:23:28":7,"s:24:2:59:Infinity":8,"b:25:4:31:Infinity:undefined:undefined:undefined:undefined":5,"s:25:4:31:Infinity":9,"s:26:6:26:Infinity":10,"s:27:6:27:Infinity":11,"s:30:6:30:Infinity":12,"b:32:4:44:Infinity:42:11:44:Infinity":6,"s:32:4:44:Infinity":13,"s:33:31:40:8":14,"b:35:36:35:46:35:49:35:51":7,"b:36:45:36:59:36:62:36:64":8,"b:37:36:37:46:37:49:37:51":9,"b:38:38:38:49:38:52:38:54":10,"b:39:41:39:57:39:61:39:63":11,"b:39:41:39:51:39:55:39:57":12,"s:41:6:41:Infinity":15,"s:43:6:43:Infinity":16,"s:45:4:45:Infinity":17,"b:50:4:54:Infinity:undefined:undefined:undefined:undefined":13,"s:50:4:54:Infinity":18,"s:51:6:51:Infinity":19,"s:52:6:52:Infinity":20,"s:53:6:53:Infinity":21,"s:55:4:55:Infinity":22,"s:56:4:58:Infinity":23,"b:57:8:57:Infinity:58:8:58:87":14,"b:58:54:58:66:58:70:58:73":15},"fnNames":{}}}
,"/home/user/clippyme/dashboard/src/lib/bulkApply.js": {"path":"/home/user/clippyme/dashboard/src/lib/bulkApply.js","statementMap":{"0":{"start":{"line":28,"column":2},"end":{"line":35,"column":null}},"1":{"start":{"line":43,"column":2},"end":{"line":49,"column":null}},"2":{"start":{"line":62,"column":19},"end":{"line":62,"column":81}},"3":{"start":{"line":63,"column":2},"end":{"line":74,"column":null}},"4":{"start":{"line":87,"column":2},"end":{"line":89,"column":null}},"5":{"start":{"line":88,"column":23},"end":{"line":88,"column":36}},"6":{"start":{"line":89,"column":24},"end":{"line":89,"column":97}}},"fnMap":{"0":{"name":"clipStateToParams","decl":{"start":{"line":27,"column":16},"end":{"line":27,"column":33}},"loc":{"start":{"line":27,"column":62},"end":{"line":36,"column":null}},"line":27},"1":{"name":"targetHookText","decl":{"start":{"line":42,"column":9},"end":{"line":42,"column":23}},"loc":{"start":{"line":42,"column":60},"end":{"line":50,"column":null}},"line":42},"2":{"name":"buildClipParams","decl":{"start":{"line":61,"column":16},"end":{"line":61,"column":31}},"loc":{"start":{"line":61,"column":68},"end":{"line":75,"column":null}},"line":61},"3":{"name":"buildBulkPlan","decl":{"start":{"line":86,"column":16},"end":{"line":86,"column":29}},"loc":{"start":{"line":86,"column":81},"end":{"line":90,"column":null}},"line":86},"4":{"name":"(anonymous_4)","decl":{"start":{"line":88,"column":12},"end":{"line":88,"column":13}},"loc":{"start":{"line":88,"column":23},"end":{"line":88,"column":36}},"line":88},"5":{"name":"(anonymous_5)","decl":{"start":{"line":89,"column":9},"end":{"line":89,"column":10}},"loc":{"start":{"line":89,"column":24},"end":{"line":89,"column":97}},"line":89}},"branchMap":{"0":{"loc":{"start":{"line":29,"column":17},"end":{"line":29,"column":67}},"type":"binary-expr","locations":[{"start":{"line":29,"column":17},"end":{"line":29,"column":35}},{"start":{"line":29,"column":39},"end":{"line":29,"column":57}},{"start":{"line":29,"column":61},"end":{"line":29,"column":67}}],"line":29},"1":{"loc":{"start":{"line":30,"column":13},"end":{"line":30,"column":57}},"type":"binary-expr","locations":[{"start":{"line":30,"column":13},"end":{"line":30,"column":27}},{"start":{"line":30,"column":31},"end":{"line":30,"column":57}}],"line":30},"2":{"loc":{"start":{"line":31,"column":20},"end":{"line":31,"column":78}},"type":"binary-expr","locations":[{"start":{"line":31,"column":20},"end":{"line":31,"column":41}},{"start":{"line":31,"column":45},"end":{"line":31,"column":78}}],"line":31},"3":{"loc":{"start":{"line":32,"column":16},"end":{"line":32,"column":72}},"type":"binary-expr","locations":[{"start":{"line":32,"column":16},"end":{"line":32,"column":33}},{"start":{"line":32,"column":37},"end":{"line":32,"column":72}}],"line":32},"4":{"loc":{"start":{"line":33,"column":16},"end":{"line":33,"column":66}},"type":"binary-expr","locations":[{"start":{"line":33,"column":16},"end":{"line":33,"column":33}},{"start":{"line":33,"column":37},"end":{"line":33,"column":66}}],"line":33},"5":{"loc":{"start":{"line":34,"column":17},"end":{"line":34,"column":89}},"type":"binary-expr","locations":[{"start":{"line":34,"column":17},"end":{"line":34,"column":35}},{"start":{"line":34,"column":39},"end":{"line":34,"column":89}}],"line":34},"6":{"loc":{"start":{"line":34,"column":49},"end":{"line":34,"column":87}},"type":"binary-expr","locations":[{"start":{"line":34,"column":49},"end":{"line":34,"column":77}},{"start":{"line":34,"column":81},"end":{"line":34,"column":87}}],"line":34},"7":{"loc":{"start":{"line":44,"column":4},"end":{"line":48,"column":null}},"type":"binary-expr","locations":[{"start":{"line":44,"column":4},"end":{"line":44,"column":33}},{"start":{"line":45,"column":4},"end":{"line":45,"column":31}},{"start":{"line":46,"column":4},"end":{"line":46,"column":25}},{"start":{"line":47,"column":4},"end":{"line":47,"column":31}},{"start":{"line":48,"column":4},"end":{"line":48,"column":null}}],"line":44},"8":{"loc":{"start":{"line":62,"column":19},"end":{"line":62,"column":81}},"type":"binary-expr","locations":[{"start":{"line":62,"column":19},"end":{"line":62,"column":43}},{"start":{"line":62,"column":47},"end":{"line":62,"column":71}},{"start":{"line":62,"column":75},"end":{"line":62,"column":81}}],"line":62},"9":{"loc":{"start":{"line":71,"column":23},"end":{"line":71,"column":66}},"type":"binary-expr","locations":[{"start":{"line":71,"column":23},"end":{"line":71,"column":44}},{"start":{"line":71,"column":48},"end":{"line":71,"column":66}}],"line":71},"10":{"loc":{"start":{"line":86,"column":50},"end":{"line":86,"column":65}},"type":"default-arg","locations":[{"start":{"line":86,"column":63},"end":{"line":86,"column":65}}],"line":86},"11":{"loc":{"start":{"line":86,"column":67},"end":{"line":86,"column":79}},"type":"default-arg","locations":[{"start":{"line":86,"column":77},"end":{"line":86,"column":79}}],"line":86}},"s":{"0":2,"1":5,"2":5,"3":5,"4":1,"5":3,"6":2},"f":{"0":2,"1":5,"2":5,"3":1,"4":3,"5":2},"b":{"0":[2,1,0],"1":[2,1],"2":[2,1],"3":[2,1],"4":[2,1],"5":[2,2],"6":[2,2],"7":[5,4,3,3,0],"8":[5,5,4],"9":[5,5],"10":[1],"11":[1]},"meta":{"lastBranch":12,"lastFunction":6,"lastStatement":7,"seen":{"f:27:16:27:33":0,"s:28:2:35:Infinity":0,"b:29:17:29:35:29:39:29:57:29:61:29:67":0,"b:30:13:30:27:30:31:30:57":1,"b:31:20:31:41:31:45:31:78":2,"b:32:16:32:33:32:37:32:72":3,"b:33:16:33:33:33:37:33:66":4,"b:34:17:34:35:34:39:34:89":5,"b:34:49:34:77:34:81:34:87":6,"f:42:9:42:23":1,"s:43:2:49:Infinity":1,"b:44:4:44:33:45:4:45:31:46:4:46:25:47:4:47:31:48:4:48:Infinity":7,"f:61:16:61:31":2,"s:62:19:62:81":2,"b:62:19:62:43:62:47:62:71:62:75:62:81":8,"s:63:2:74:Infinity":3,"b:71:23:71:44:71:48:71:66":9,"f:86:16:86:29":3,"b:86:63:86:65":10,"b:86:77:86:79":11,"s:87:2:89:Infinity":4,"f:88:12:88:13":4,"s:88:23:88:36":5,"f:89:9:89:10":5,"s:89:24:89:97":6},"fnNames":{}}}
,"/home/user/clippyme/dashboard/src/lib/clipFilename.js": {"path":"/home/user/clippyme/dashboard/src/lib/clipFilename.js","statementMap":{"0":{"start":{"line":12,"column":21},"end":{"line":12,"column":61}},"1":{"start":{"line":15,"column":14},"end":{"line":15,"column":64}},"2":{"start":{"line":16,"column":13},"end":{"line":21,"column":26}},"3":{"start":{"line":22,"column":2},"end":{"line":22,"column":null}},"4":{"start":{"line":22,"column":25},"end":{"line":22,"column":null}},"5":{"start":{"line":23,"column":2},"end":{"line":23,"column":null}},"6":{"start":{"line":23,"column":40},"end":{"line":23,"column":null}},"7":{"start":{"line":24,"column":2},"end":{"line":24,"column":null}}},"fnMap":{"0":{"name":"clipDownloadName","decl":{"start":{"line":14,"column":16},"end":{"line":14,"column":32}},"loc":{"start":{"line":14,"column":59},"end":{"line":25,"column":null}},"line":14}},"branchMap":{"0":{"loc":{"start":{"line":14,"column":46},"end":{"line":14,"column":57}},"type":"default-arg","locations":[{"start":{"line":14,"column":52},"end":{"line":14,"column":57}}],"line":14},"1":{"loc":{"start":{"line":15,"column":14},"end":{"line":15,"column":64}},"type":"binary-expr","locations":[{"start":{"line":15,"column":15},"end":{"line":15,"column":19}},{"start":{"line":15,"column":23},"end":{"line":15,"column":57}},{"start":{"line":15,"column":62},"end":{"line":15,"column":64}}],"line":15},"2":{"loc":{"start":{"line":22,"column":2},"end":{"line":22,"column":null}},"type":"if","locations":[{"start":{"line":22,"column":2},"end":{"line":22,"column":null}},{"start":{},"end":{}}],"line":22},"3":{"loc":{"start":{"line":23,"column":2},"end":{"line":23,"column":null}},"type":"if","locations":[{"start":{"line":23,"column":2},"end":{"line":23,"column":null}},{"start":{},"end":{}}],"line":23},"4":{"loc":{"start":{"line":23,"column":6},"end":{"line":23,"column":38}},"type":"binary-expr","locations":[{"start":{"line":23,"column":6},"end":{"line":23,"column":11}},{"start":{"line":23,"column":15},"end":{"line":23,"column":38}}],"line":23},"5":{"loc":{"start":{"line":23,"column":56},"end":{"line":23,"column":66}},"type":"binary-expr","locations":[{"start":{"line":23,"column":56},"end":{"line":23,"column":61}},{"start":{"line":23,"column":65},"end":{"line":23,"column":66}}],"line":23}},"s":{"0":2,"1":13,"2":13,"3":13,"4":1,"5":13,"6":6,"7":13},"f":{"0":13},"b":{"0":[13],"1":[13,12,3],"2":[1,12],"3":[6,7],"4":[13,9],"5":[6,3]},"meta":{"lastBranch":6,"lastFunction":1,"lastStatement":8,"seen":{"s:12:21:12:61":0,"f:14:16:14:32":0,"b:14:52:14:57":0,"s:15:14:15:64":1,"b:15:15:15:19:15:23:15:57:15:62:15:64":1,"s:16:13:21:26":2,"b:22:2:22:Infinity:undefined:undefined:undefined:undefined":2,"s:22:2:22:Infinity":3,"s:22:25:22:Infinity":4,"b:23:2:23:Infinity:undefined:undefined:undefined:undefined":3,"s:23:2:23:Infinity":5,"b:23:6:23:11:23:15:23:38":4,"s:23:40:23:Infinity":6,"b:23:56:23:61:23:65:23:66":5,"s:24:2:24:Infinity":7},"fnNames":{}}}
,"/home/user/clippyme/dashboard/src/lib/pipelineStep.js": {"path":"/home/user/clippyme/dashboard/src/lib/pipelineStep.js","statementMap":{"0":{"start":{"line":13,"column":2},"end":{"line":13,"column":null}},"1":{"start":{"line":13,"column":34},"end":{"line":13,"column":null}},"2":{"start":{"line":14,"column":17},"end":{"line":14,"column":31}},"3":{"start":{"line":18,"column":2},"end":{"line":24,"column":null}},"4":{"start":{"line":23,"column":4},"end":{"line":23,"column":null}},"5":{"start":{"line":27,"column":2},"end":{"line":29,"column":null}},"6":{"start":{"line":28,"column":4},"end":{"line":28,"column":null}},"7":{"start":{"line":30,"column":2},"end":{"line":30,"column":null}},"8":{"start":{"line":30,"column":76},"end":{"line":30,"column":null}},"9":{"start":{"line":31,"column":2},"end":{"line":31,"column":null}},"10":{"start":{"line":31,"column":67},"end":{"line":31,"column":null}},"11":{"start":{"line":32,"column":2},"end":{"line":32,"column":null}},"12":{"start":{"line":32,"column":63},"end":{"line":32,"column":null}},"13":{"start":{"line":33,"column":2},"end":{"line":33,"column":null}},"14":{"start":{"line":57,"column":17},"end":{"line":57,"column":39}},"15":{"start":{"line":58,"column":15},"end":{"line":58,"column":17}},"16":{"start":{"line":61,"column":2},"end":{"line":61,"column":null}},"17":{"start":{"line":61,"column":33},"end":{"line":61,"column":null}},"18":{"start":{"line":70,"column":2},"end":{"line":77,"column":null}},"19":{"start":{"line":71,"column":4},"end":{"line":71,"column":null}},"20":{"start":{"line":72,"column":4},"end":{"line":72,"column":null}},"21":{"start":{"line":73,"column":9},"end":{"line":77,"column":null}},"22":{"start":{"line":74,"column":4},"end":{"line":74,"column":null}},"23":{"start":{"line":75,"column":9},"end":{"line":77,"column":null}},"24":{"start":{"line":76,"column":4},"end":{"line":76,"column":null}},"25":{"start":{"line":80,"column":2},"end":{"line":87,"column":null}},"26":{"start":{"line":81,"column":4},"end":{"line":81,"column":null}},"27":{"start":{"line":82,"column":9},"end":{"line":87,"column":null}},"28":{"start":{"line":86,"column":4},"end":{"line":86,"column":null}},"29":{"start":{"line":91,"column":13},"end":{"line":91,"column":79}},"30":{"start":{"line":92,"column":2},"end":{"line":93,"column":null}},"31":{"start":{"line":95,"column":2},"end":{"line":95,"column":null}}},"fnMap":{"0":{"name":"detectPipelineStep","decl":{"start":{"line":12,"column":16},"end":{"line":12,"column":34}},"loc":{"start":{"line":12,"column":41},"end":{"line":34,"column":null}},"line":12},"1":{"name":"pipelineStepMeta","decl":{"start":{"line":56,"column":16},"end":{"line":56,"column":32}},"loc":{"start":{"line":56,"column":55},"end":{"line":96,"column":null}},"line":56}},"branchMap":{"0":{"loc":{"start":{"line":13,"column":2},"end":{"line":13,"column":null}},"type":"if","locations":[{"start":{"line":13,"column":2},"end":{"line":13,"column":null}},{"start":{},"end":{}}],"line":13},"1":{"loc":{"start":{"line":13,"column":6},"end":{"line":13,"column":32}},"type":"binary-expr","locations":[{"start":{"line":13,"column":6},"end":{"line":13,"column":11}},{"start":{"line":13,"column":15},"end":{"line":13,"column":32}}],"line":13},"2":{"loc":{"start":{"line":18,"column":2},"end":{"line":24,"column":null}},"type":"if","locations":[{"start":{"line":18,"column":2},"end":{"line":24,"column":null}},{"start":{},"end":{}}],"line":18},"3":{"loc":{"start":{"line":19,"column":4},"end":{"line":21,"column":null}},"type":"binary-expr","locations":[{"start":{"line":19,"column":4},"end":{"line":19,"column":38}},{"start":{"line":20,"column":4},"end":{"line":20,"column":45}},{"start":{"line":21,"column":4},"end":{"line":21,"column":null}}],"line":19},"4":{"loc":{"start":{"line":27,"column":2},"end":{"line":29,"column":null}},"type":"if","locations":[{"start":{"line":27,"column":2},"end":{"line":29,"column":null}},{"start":{},"end":{}}],"line":27},"5":{"loc":{"start":{"line":27,"column":6},"end":{"line":27,"column":108}},"type":"binary-expr","locations":[{"start":{"line":27,"column":6},"end":{"line":27,"column":46}},{"start":{"line":27,"column":50},"end":{"line":27,"column":75}},{"start":{"line":27,"column":79},"end":{"line":27,"column":108}}],"line":27},"6":{"loc":{"start":{"line":30,"column":2},"end":{"line":30,"column":null}},"type"
[...]
nfinity":155,"s:272:14:272:89":156,"b:273:2:273:Infinity:undefined:undefined:undefined:undefined":54,"s:273:2:273:Infinity":157,"s:273:27:273:61":158,"f:273:50:273:51":42,"s:273:57:273:59":159,"s:273:63:273:113":160,"b:273:79:273:87:273:91:273:111":55,"s:274:2:274:Infinity":161,"f:274:26:274:27":43,"s:274:33:274:35":162,"f:277:22:277:32":44,"s:278:14:278:81":163,"b:279:2:279:Infinity:undefined:undefined:undefined:undefined":56,"s:279:2:279:Infinity":164,"s:279:15:279:Infinity":165,"s:280:2:280:Infinity":166,"f:280:26:280:27":45,"s:280:33:280:35":167,"f:283:22:283:31":46,"s:284:14:284:61":168,"b:285:2:285:Infinity:undefined:undefined:undefined:undefined":57,"s:285:2:285:Infinity":169,"s:285:15:285:Infinity":170,"s:286:2:286:Infinity":171,"f:289:22:289:32":47,"s:290:14:294:4":172,"b:295:2:295:Infinity:undefined:undefined:undefined:undefined":58,"s:295:2:295:Infinity":173,"s:295:15:295:Infinity":174,"s:296:2:296:Infinity":175,"f:296:26:296:27":48,"s:296:33:296:35":176,"f:299:22:299:44":49,"s:300:14:300:63":177,"b:301:2:301:Infinity:undefined:undefined:undefined:undefined":59,"s:301:2:301:Infinity":178,"s:301:15:301:Infinity":179,"s:302:2:302:Infinity":180,"f:307:16:307:35":50,"s:308:2:359:Infinity":181,"b:313:19:313:79:313:85:313:129":60,"b:313:51:313:60:313:63:313:79":61,"b:313:110:313:120:313:123:313:129":62,"b:314:12:314:23:314:27:314:33":63,"b:321:11:321:36:321:40:321:49":64,"b:321:12:321:22:321:26:321:28":65,"b:323:8:350:Infinity:351:8:351:13":66,"b:324:64:324:80:324:84:324:92":67,"b:326:17:326:30:326:34:326:42":68,"b:328:20:328:35:328:39:328:40":69,"b:333:14:337:Infinity:338:14:338:16":70,"b:334:28:334:41:334:45:334:54":71,"b:335:31:335:45:335:49:335:58":72,"b:336:43:336:74:336:77:336:79":73,"b:342:14:348:Infinity:349:14:349:16":74,"b:343:22:343:34:343:38:343:56":75,"b:344:28:344:41:344:45:344:54":76,"b:345:30:345:46:345:50:345:51":77,"b:346:41:346:44:346:47:346:48":78,"b:352:23:352:97:352:100:352:105":79,"b:352:74:352:88:352:92:352:94":80,"b:355:22:355:91:355:94:355:99":81,"b:355:34:355:46:355:50:355:61":82,"b:355:69:355:82:355:86:355:89":83,"b:358:61:358:89:358:92:358:97":84,"b:358:11:358:27:358:31:358:58":85,"f:363:16:363:27":51,"s:364:12:364:62":182,"b:364:36:364:39:364:43:364:44":86,"b:364:49:364:54:364:58:364:59":87,"s:365:12:365:30":183,"s:366:2:366:Infinity":184},"fnNames":{}}}
,"/home/user/clippyme/dashboard/src/redesign/subtitleControls.jsx": {"path":"/home/user/clippyme/dashboard/src/redesign/subtitleControls.jsx","statementMap":{"0":{"start":{"line":24,"column":19},"end":{"line":27,"column":null}},"1":{"start":{"line":30,"column":2},"end":{"line":38,"column":null}},"2":{"start":{"line":31,"column":4},"end":{"line":36,"column":null}},"3":{"start":{"line":39,"column":2},"end":{"line":44,"column":null}},"4":{"start":{"line":49,"column":16},"end":{"line":49,"column":28}},"5":{"start":{"line":50,"column":15},"end":{"line":50,"column":null}},"6":{"start":{"line":51,"column":2},"end":{"line":148,"column":null}},"7":{"start":{"line":55,"column":57},"end":{"line":55,"column":null}},"8":{"start":{"line":64,"column":16},"end":{"line":68,"column":null}},"9":{"start":{"line":65,"column":33},"end":{"line":65,"column":null}},"10":{"start":{"line":77,"column":31},"end":{"line":77,"column":80}},"11":{"start":{"line":84,"column":35},"end":{"line":84,"column":null}},"12":{"start":{"line":93,"column":35},"end":{"line":93,"column":null}},"13":{"start":{"line":106,"column":31},"end":{"line":106,"column":null}},"14":{"start":{"line":107,"column":39},"end":{"line":107,"column":81}},"15":{"start":{"line":114,"column":16},"end":{"line":116,"column":null}},"16":{"start":{"line":116,"column":59},"end":{"line":116,"column":89}},"17":{"start":{"line":125,"column":31},"end":{"line":125,"column":83}},"18":{"start":{"line":127,"column":76},"end":{"line":127,"column":99}},"19":{"start":{"line":132,"column":61},"end":{"line":132,"column":null}},"20":{"start":{"line":137,"column":58},"end":{"line":137,"column":null}},"21":{"start":{"line":146,"column":27},"end":{"line":146,"column":75}}},"fnMap":{"0":{"name":"BackgroundBoxRow","decl":{"start":{"line":29,"column":9},"end":{"line":29,"column":26}},"loc":{"start":{"line":29,"column":53},"end":{"line":46,"column":null}},"line":29},"1":{"name":"SubtitleControls","decl":{"start":{"line":48,"column":16},"end":{"line":48,"column":33}},"loc":{"start":{"line":48,"column":75},"end":{"line":150,"column":null}},"line":48},"2":{"name":"(anonymous_2)","decl":{"start":{"line":55,"column":39},"end":{"line":55,"column":50}},"loc":{"start":{"line":55,"column":57},"end":{"line":55,"column":null}},"line":55},"3":{"name":"(anonymous_3)","decl":{"start":{"line":63,"column":32},"end":{"line":63,"column":37}},"loc":{"start":{"line":64,"column":16},"end":{"line":68,"column":null}},"line":64},"4":{"name":"(anonymous_4)","decl":{"start":{"line":65,"column":18},"end":{"line":65,"column":33}},"loc":{"start":{"line":65,"column":33},"end":{"line":65,"column":null}},"line":65},"5":{"name":"(anonymous_5)","decl":{"start":{"line":77,"column":14},"end":{"line":77,"column":25}},"loc":{"start":{"line":77,"column":31},"end":{"line":77,"column":80}},"line":77},"6":{"name":"(anonymous_6)","decl":{"start":{"line":84,"column":18},"end":{"line":84,"column":29}},"loc":{"start":{"line":84,"column":35},"end":{"line":84,"column":null}},"line":84},"7":{"name":"(anonymous_7)","decl":{"start":{"line":93,"column":18},"end":{"line":93,"column":29}},"loc":{"start":{"line":93,"column":35},"end":{"line":93,"column":null}},"line":93},"8":{"name":"(anonymous_8)","decl":{"start":{"line":106,"column":14},"end":{"line":106,"column":25}},"loc":{"start":{"line":106,"column":31},"end":{"line":106,"column":null}},"line":106},"9":{"name":"(anonymous_9)","decl":{"start":{"line":107,"column":21},"end":{"line":107,"column":26}},"loc":{"start":{"line":107,"column":39},"end":{"line":107,"column":81}},"line":107},"10":{"name":"(anonymous_10)","decl":{"start":{"line":113,"column":26},"end":{"line":113,"column":31}},"loc":{"start":{"line":114,"column":16},"end":{"line":116,"column":null}},"line":114},"11":{"name":"(anonymous_11)","decl":{"start":{"line":116,"column":44},"end":{"line":116,"column":59}},"loc":{"start":{"line":116,"column":59},"end":{"line":116,"column":89}},"line":116},"12":{"name":"(anonymous_12)","decl":{"start":{"line":125,"column":14},"end":{"line":125,"column":25}},"loc":{"start":{"line":125,"column":31},"end":{"line":125,"column":83}},"line":125},"13":{"name":"(anonymous_13)","decl":{"start":{"line":127,"column":58},"end":{"line":127,"column":69}},"loc":{"start":{"line":127,"column":76},"end":{"line":127,"column":99}},"line":127},"14":{"name":"(anonymous_14)","decl":{"start":{"line":132,"column":43},"end":{"line":132,"column":54}},"loc":{"start":{"line":132,"column":61},"end":{"line":132,"column":null}},"line":132},"15":{"name":"(anonymous_15)","decl":{"start":{"line":137,"column":40},"end":{"line":137,"column":51}},"loc":{"start":{"line":137,"column":58},"end":{"line":137,"column":null}},"line":137},"16":{"name":"(anonymous_16)","decl":{"start":{"line":146,"column":10},"end":{"line":146,"column":21}},"loc":{"start":{"line":146,"column":27},"end":{"line":146,"column":75}},"line":146}},"branchMap":{"0":{"loc":{"start":{"line":30,"column":2},"end":{"line":38,"column":null}},"type":"if","locations":[{"start":{"line":30,"column":2},"end":{"line":38,"column":null}},{"start":{},"end":{}}],"line":30},"1":{"loc":{"start":{"line":48,"column":55},"end":{"line":48,"column":75}},"type":"default-arg","locations":[{"start":{"line":48,"column":65},"end":{"line":48,"column":75}}],"line":48},"2":{"loc":{"start":{"line":50,"column":15},"end":{"line":50,"column":null}},"type":"cond-expr","locations":[{"start":{"line":50,"column":38},"end":{"line":50,"column":45}},{"start":{"line":50,"column":45},"end":{"line":50,"column":null}}],"line":50},"3":{"loc":{"start":{"line":58,"column":7},"end":{"line":99,"column":null}},"type":"binary-expr","locations":[{"start":{"line":58,"column":7},"end":{"line":58,"column":null}},{"start":{"line":59,"column":8},"end":{"line":99,"column":null}}],"line":58},"4":{"loc":{"start":{"line":64,"column":72},"end":{"line":64,"column":null}},"type":"cond-expr","locations":[{"start":{"line":64,"column":92},"end":{"line":64,"column":100}},{"start":{"line":64,"column":100},"end":{"line":64,"column":null}}],"line":64},"5":{"loc":{"start":{"line":74,"column":60},"end":{"line":74,"column":105}},"type":"cond-expr","locations":[{"start":{"line":74,"column":78},"end":{"line":74,"column":92}},{"start":{"line":74,"column":92},"end":{"line":74,"column":105}}],"line":74},"6":{"loc":{"start":{"line":101,"column":7},"end":{"line":128,"column":null}},"type":"binary-expr","locations":[{"start":{"line":101,"column":7},"end":{"line":101,"column":null}},{"start":{"line":102,"column":8},"end":{"line":128,"column":null}}],"line":101},"7":{"loc":{"start":{"line":115,"column":41},"end":{"line":115,"column":null}},"type":"cond-expr","locations":[{"start":{"line":115,"column":90},"end":{"line":115,"column":98}},{"start":{"line":115,"column":98},"end":{"line":115,"column":null}}],"line":115},"8":{"loc":{"start":{"line":143,"column":61},"end":{"line":143,"column":114}},"type":"cond-expr","locations":[{"start":{"line":143,"column":78},"end":{"line":143,"column":97}},{"start":{"line":143,"column":97},"end":{"line":143,"column":114}}],"line":143}},"s":{"0":3,"1":8,"2":2,"3":6,"4":16,"5":16,"6":16,"7":5,"8":48,"9":1,"10":2,"11":2,"12":2,"13":0,"14":48,"15":64,"16":2,"17":2,"18":3,"19":2,"20":2,"21":2},"f":{"0":8,"1":16,"2":5,"3":48,"4":1,"5":2,"6":2,"7":2,"8":0,"9":48,"10":64,"11":2,"12":2,"13":3,"14":2,"15":2,"16":2},"b":{"0":[2,6],"1":[16],"2":[4,12],"3":[16,8],"4":[6,42],"5":[1,7],"6":[16,8],"7":[8,56],"8":[0,16]},"meta":{"lastBranch":9,"lastFunction":17,"lastStatement":22,"seen":{"s:24:19:27:Infinity":0,"f:29:9:29:26":0,"b:30:2:38:Infinity:undefined:undefined:undefined:undefined":0,"s:30:2:38:Infinity":1,"s:31:4:36:Infinity":2,"s:39:2:44:Infinity":3,"f:48:16:48:33":1,"b:48:65:48:75":1,"s:49:16:49:28":4,"s:50:15:50:Infinity":5,"b:50:38:50:45:50:45:50:Infinity":2,"s:51:2:148:Infinity":6,"f:55:39:55:50":2,"s:55:57:55:Infinity":7,"b:58:7:58:Infinity:59:8:99:Infinity":3,"f:63:32:63:37":3,"s:64:16:68:Infinity":8,"b:64:92:64:100:64:100:64:Infinity":4,"f:65:18:65:33":4,"s:65:33:65:Infinity":9,"b:74:78:74:92:74:92:74:105":5,"f:77:14:77:25":5,"s:77:31:77:80":10,"f:84:18:84:29":6,"s:84:35:84:Infinity":11,"f:93:18:93:29":7,"s:93:35:93:Infinity":12,"b:101:7:101:Infinity:102:8:128:Infinity":6,"f:106:14:106:25":8,"s:106:31:106:Infinity":13,"f:107:21:107:26":9,"s:107:39:107:81":14,"f:113:26:113:31":10,"s:114:16:116:Infinity":15,"b:115:90:115:98:115:98:115:Infinity":7,"f:116:44:116:59":11,"s:116:59:116:89":16,"f:125:14:125:25":12,"s:125:31:125:83":17,"f:127:58:127:69":13,"s:127:76:127:99":18,"f:132:43:132:54":14,"s:132:61:132:Infinity":19,"f:137:40:137:51":15,"s:137:58:137:Infinity":20,"b:143:78:143:97:143:97:143:114":8,"f:146:10:146:21":16,"s:146:27:146:75":21},"fnNames":{}}}
,"/home/user/clippyme/dashboard/src/redesign/useModalA11y.js": {"path":"/home/user/clippyme/dashboard/src/redesign/useModalA11y.js","statementMap":{"0":{"start":{"line":8,"column":14},"end":{"line":8,"column":26}},"1":{"start":{"line":16,"column":21},"end":{"line":16,"column":36}},"2":{"start":{"line":17,"column":2},"end":{"line":17,"column":null}},"3":{"start":{"line":17,"column":20},"end":{"line":17,"column":49}},"4":{"start":{"line":19,"column":2},"end":{"line":57,"column":9}},"5":{"start":{"line":20,"column":18},"end":{"line":20,"column":29}},"6":{"start":{"line":21,"column":23},"end":{"line":21,"column":45}},"7":{"start":{"line":23,"column":23},"end":{"line":30,"column":12}},"8":{"start":{"line":24,"column":6},"end":{"line":30,"column":12}},"9":{"start":{"line":29,"column":27},"end":{"line":29,"column":51}},"10":{"start":{"line":33,"column":18},"end":{"line":33,"column":33}},"11":{"start":{"line":34,"column":4},"end":{"line":35,"column":null}},"12":{"start":{"line":34,"column":15},"end":{"line":34,"column":null}},"13":{"start":{"line":35,"column":9},"end":{"line":35,"column":null}},"14":{"start":{"line":35,"column":22},"end":{"line":35,"column":59}},"15":{"start":{"line":35,"column":60},"end":{"line":35,"column":74}},"16":{"start":{"line":37,"column":18},"end":{"line":49,"column":5}},"17":{"start":{"line":38,"column":6},"end":{"line":38,"column":null}},"18":{"start":{"line":38,"column":32},"end":{"line":38,"column":55}},"19":{"start":{"line":38,"column":56},"end":{"line":38,"column":63}},"20":{"start":{"line":39,"column":6},"end":{"line":39,"column":null}},"21":{"start":{"line":39,"column":27},"end":{"line":39,"column":null}},"22":{"start":{"line":40,"column":20},"end":{"line":40,"column":32}},"23":{"start":{"line":41,"column":6},"end":{"line":41,"column":null}},"24":{"start":{"line":41,"column":32},"end":{"line":41,"column":51}},"25":{"start":{"line":41,"column":52},"end":{"line":41,"column":59}},"26":{"start":{"line":42,"column":22},"end":{"line":42,"column":30}},"27":{"start":{"line":43,"column":21},"end":{"line":43,"column":44}},"28":{"start":{"line":44,"column":6},"end":{"line":48,"column":null}},"29":{"start":{"line":45,"column":8},"end":{"line":45,"column":27}},"30":{"start":{"line":45,"column":28},"end":{"line":45,"column":null}},"31":{"start":{"line":46,"column":13},"end":{"line":48,"column":null}},"32":{"start":{"line":47,"column":8},"end":{"line":47,"column":27}},"33":{"start":{"line":47,"column":28},"end":{"line":47,"column":null}},"34":{"start":{"line":51,"column":4},"end":{"line":51,"column":null}},"35":{"start":{"line":52,"column":4},"end":{"line":56,"column":null}},"36":{"start":{"line":53,"column":6},"end":{"line":53,"column":null}},"37":{"start":{"line":55,"column":6},"end":{"line":55,"column":null}},"38":{"start":{"line":55,"column":64},"end":{"line":55,"column":null}},"39":{"start":{"line":59,"column":2},"end":{"line":59,"column":null}}},"fnMap":{"0":{"name":"useModalA11y","decl":{"start":{"line":7,"column":16},"end":{"line":7,"column":28}},"loc":{"start":{"line":7,"column":38},"end":{"line":60,"column":null}},"line":7},"1":{"name":"(anonymous_1)","decl":{"start":{"line":17,"column":12},"end":{"line":17,"column":13}},"loc":{"start":{"line":17,"column":18},"end":{"line":17,"column":51}},"line":17},"2":{"name":"(anonymous_2)","decl":{"start":{"line":19,"column":12},"end":{"line":19,"column":13}},"loc":{"start":{"line":19,"column":18},"end":{"line":57,"column":3}},"line":19},"3":{"name":"(anonymous_3)","decl":{"start":{"line":23,"column":23},"end":{"line":23,"column":24}},"loc":{"start":{"line":24,"column":6},"end":{"line":30,"column":12}},"line":24},"4":{"name":"(anonymous_4)","decl":{"start":{"line":29,"column":19},"end":{"line":29,"column":20}},"loc":{"start":{"line":29,"column":27},"end":{"line":29,"column":51}},"line":29},"5":{"name":"(anonymous_5)","decl":{"start":{"line":37,"column":18},"end":{"line":37,"column":19}},"loc":{"start":{"line":37,"column":25},"end":{"line":49,"column":5}},"line":37},"6":{"name":"(anonymous_6)","decl":{"start":{"line":52,"column":11},"end":{"line":52,"column":12}},"loc":{"start":{"line":52,"column":17},"end":{"line":56,"column":5}},"line":52}},"branchMap":{"0":{"loc":{"start":{"line":24,"column":6},"end":{"line":30,"column":12}},"type":"cond-expr","locations":[{"start":{"line":25,"column":10},"end":{"line":29,"column":null}},{"start":{"line":30,"column":10},"end":{"line":30,"column":12}}],"line":24},"1":{"loc":{"start":{"line":34,"column":4},"end":{"line":35,"column":null}},"type":"if","locations":[{"start":{"line":34,"column":4},"end":{"line":35,"column":null}},{"start":{"line":35,"column":9},"end":{"line":35,"column":null}}],"line":34},"2":{"loc":{"start":{"line":35,"column":9},"end":{"line":35,"column":null}},"type":"if","locations":[{"start":{"line":35,"column":9},"end":{"line":35,"column":null}},{"start":{},"end":{}}],"line":35},"3":{"loc":{"start":{"line":38,"column":6},"end":{"line":38,"column":null}},"type":"if","locations":[{"start":{"line":38,"column":6},"end":{"line":38,"column":null}},{"start":{},"end":{}}],"line":38},"4":{"loc":{"start":{"line":39,"column":6},"end":{"line":39,"column":null}},"type":"if","locations":[{"start":{"line":39,"column":6},"end":{"line":39,"column":null}},{"start":{},"end":{}}],"line":39},"5":{"loc":{"start":{"line":41,"column":6},"end":{"line":41,"column":null}},"type":"if","locations":[{"start":{"line":41,"column":6},"end":{"line":41,"column":null}},{"start":{},"end":{}}],"line":41},"6":{"loc":{"start":{"line":44,"column":6},"end":{"line":48,"column":null}},"type":"if","locations":[{"start":{"line":44,"column":6},"end":{"line":48,"column":null}},{"start":{"line":46,"column":13},"end":{"line":48,"column":null}}],"line":44},"7":{"loc":{"start":{"line":44,"column":10},"end":{"line":44,"column":58}},"type":"binary-expr","locations":[{"start":{"line":44,"column":10},"end":{"line":44,"column":20}},{"start":{"line":44,"column":24},"end":{"line":44,"column":58}}],"line":44},"8":{"loc":{"start":{"line":46,"column":13},"end":{"line":48,"column":null}},"type":"if","locations":[{"start":{"line":46,"column":13},"end":{"line":48,"column":null}},{"start":{},"end":{}}],"line":46},"9":{"loc":{"start":{"line":46,"column":17},"end":{"line":46,"column":65}},"type":"binary-expr","locations":[{"start":{"line":46,"column":17},"end":{"line":46,"column":28}},{"start":{"line":46,"column":32},"end":{"line":46,"column":65}}],"line":46},"10":{"loc":{"start":{"line":55,"column":6},"end":{"line":55,"column":null}},"type":"if","locations":[{"start":{"line":55,"column":6},"end":{"line":55,"column":null}},{"start":{},"end":{}}],"line":55},"11":{"loc":{"start":{"line":55,"column":10},"end":{"line":55,"column":62}},"type":"binary-expr","locations":[{"start":{"line":55,"column":10},"end":{"line":55,"column":20}},{"start":{"line":55,"column":24},"end":{"line":55,"column":62}}],"line":55}},"s":{"0":31,"1":31,"2":31,"3":9,"4":31,"5":9,"6":9,"7":9,"8":9,"9":116,"10":9,"11":9,"12":0,"13":9,"14":9,"15":9,"16":9,"17":0,"18":0,"19":0,"20":0,"21":0,"22":0,"23":0,"24":0,"25":0,"26":0,"27":0,"28":0,"29":0,"30":0,"31":0,"32":0,"33":0,"34":9,"35":9,"36":9,"37":9,"38":9,"39":31},"f":{"0":31,"1":9,"2":9,"3":9,"4":116,"5":0,"6":9},"b":{"0":[9,0],"1":[0,9],"2":[9,0],"3":[0,0],"4":[0,0],"5":[0,0],"6":[0,0],"7":[0,0],"8":[0,0],"9":[0,0],"10":[9,0],"11":[9,9]},"meta":{"lastBranch":12,"lastFunction":7,"lastStatement":40,"seen":{"f:7:16:7:28":0,"s:8:14:8:26":0,"s:16:21:16:36":1,"s:17:2:17:Infinity":2,"f:17:12:17:13":1,"s:17:20:17:49":3,"s:19:2:57:9":4,"f:19:12:19:13":2,"s:20:18:20:29":5,"s:21:23:21:45":6,"s:23:23:30:12":7,"f:23:23:23:24":3,"s:24:6:30:12":8,"b:25:10:29:Infinity:30:10:30:12":0,"f:29:19:29:20":4,"s:29:27:29:51":9,"s:33:18:33:33":10,"b:34:4:35:Infinity:35:9:35:Infinity":1,"s:34:4:35:Infinity":11,"s:34:15:34:Infinity":12,"b:35:9:35:Infinity:undefined:undefined:undefined:undefined":2,"s:35:9:35:Infinity":13,"s:35:22:35:59":14,"s:35:60:35:74":15,"s:37:18:49:5":16,"f:37:18:37:19":5,"b:38:6:38:Infinity:undefined:undefined:undefined:undefined":3,"s:38:6:38:Infinity":17,"s:38:32:38:55":18,"s:38:56:38:63":19,"b:39:6:39:Infinity:undefined:undefined:undefined:undefined":4,"s:39:6:39:Infinity":20,"s:39:27:39:Infinity":21,"s:40:20:40:32":22,"b:41:6:41:Infinity:undefined:undefined:undefined:undefined":5,"s:41:6:41:Infinity":23,"s:41:32:41:51":24,"s:41:52:41:59":25,"s:42:22:42:30":26,"s:43:21:43:44":27,"b:44:6:48:Infinity:46:13:48:Infinity":6,"s:44:6:48:Infinity":28,"b:44:10:44:20:44:24:44:58":7,"s:45:8:45:27":29,"s:45:28:45:Infinity":30,"b:46:13:48:Infinity:undefined:undefined:undefined:undefined":8,"s:46:13:48:Infinity":31,"b:46:17:46:28:46:32:46:65":9,"s:47:8:47:27":32,"s:47:28:47:Infinity":33,"s:51:4:51:Infinity":34,"s:52:4:56:Infinity":35,"f:52:11:52:12":6,"s:53:6:53:Infinity":36,"b:55:6:55:Infinity:undefined:undefined:undefined:undefined":10,"s:55:6:55:Infinity":37,"b:55:10:55:20:55:24:55:62":11,"s:55:64:55:Infinity":38,"s:59:2:59:Infinity":39},"fnNames":{}}}
}
